{"/home/travis/build/npmtest/node-npmtest-generator-angular-php/test.js":{"path":"/home/travis/build/npmtest/node-npmtest-generator-angular-php/test.js","s":{"1":2,"2":2,"3":2,"4":2,"5":2,"6":2,"7":2,"8":1,"9":2,"10":2,"11":1,"12":1,"13":1,"14":1,"15":2,"16":2,"17":2,"18":2,"19":1,"20":1,"21":2,"22":2,"23":2,"24":1,"25":1,"26":1,"27":1,"28":1,"29":1,"30":1,"31":1,"32":1,"33":1,"34":1,"35":1,"36":1,"37":2,"38":2,"39":1,"40":2,"41":2,"42":1,"43":2,"44":2,"45":1,"46":2,"47":2,"48":1,"49":1,"50":1,"51":1,"52":1},"b":{"1":[2,1,1,1],"2":[1,1,1,1],"3":[1,1],"4":[1,1],"5":[1,1],"6":[1,1],"7":[1,1],"8":[1,1],"9":[1,1,1],"10":[1,1],"11":[1,1],"12":[1,1],"13":[1,1],"14":[1,1],"15":[1,1],"16":[1,1]},"f":{"1":2,"2":2,"3":2,"4":2,"5":2,"6":1,"7":1,"8":2,"9":2,"10":2,"11":2,"12":1},"fnMap":{"1":{"name":"(anonymous_1)","line":12,"loc":{"start":{"line":12,"column":1},"end":{"line":12,"column":13}}},"2":{"name":"(anonymous_2)","line":19,"loc":{"start":{"line":19,"column":5},"end":{"line":19,"column":17}}},"3":{"name":"(anonymous_3)","line":23,"loc":{"start":{"line":23,"column":24},"end":{"line":23,"column":36}}},"4":{"name":"(anonymous_4)","line":61,"loc":{"start":{"line":61,"column":5},"end":{"line":61,"column":17}}},"5":{"name":"(anonymous_5)","line":82,"loc":{"start":{"line":82,"column":5},"end":{"line":82,"column":17}}},"6":{"name":"(anonymous_6)","line":102,"loc":{"start":{"line":102,"column":83},"end":{"line":105,"column":10}},"skip":true},"7":{"name":"(anonymous_7)","line":113,"loc":{"start":{"line":113,"column":77},"end":{"line":116,"column":10}},"skip":true},"8":{"name":"(anonymous_8)","line":129,"loc":{"start":{"line":129,"column":12},"end":{"line":129,"column":40}},"skip":true},"9":{"name":"(anonymous_9)","line":137,"loc":{"start":{"line":137,"column":77},"end":{"line":140,"column":10}},"skip":true},"10":{"name":"(anonymous_10)","line":148,"loc":{"start":{"line":148,"column":83},"end":{"line":151,"column":10}},"skip":true},"11":{"name":"(anonymous_11)","line":159,"loc":{"start":{"line":159,"column":79},"end":{"line":162,"column":10}},"skip":true},"12":{"name":"(anonymous_12)","line":170,"loc":{"start":{"line":170,"column":75},"end":{"line":173,"column":10}},"skip":true}},"statementMap":{"1":{"start":{"line":12,"column":0},"end":{"line":185,"column":5}},"2":{"start":{"line":14,"column":4},"end":{"line":14,"column":14}},"3":{"start":{"line":19,"column":4},"end":{"line":56,"column":9}},"4":{"start":{"line":21,"column":8},"end":{"line":21,"column":19}},"5":{"start":{"line":23,"column":8},"end":{"line":35,"column":13}},"6":{"start":{"line":24,"column":12},"end":{"line":34,"column":13}},"7":{"start":{"line":25,"column":16},"end":{"line":28,"column":30}},"8":{"start":{"line":30,"column":16},"end":{"line":33,"column":27}},"9":{"start":{"line":37,"column":8},"end":{"line":39,"column":21}},"10":{"start":{"line":40,"column":8},"end":{"line":53,"column":9}},"11":{"start":{"line":43,"column":12},"end":{"line":46,"column":14}},"12":{"start":{"line":47,"column":12},"end":{"line":47,"column":18}},"13":{"start":{"line":50,"column":12},"end":{"line":51,"column":46}},"14":{"start":{"line":52,"column":12},"end":{"line":52,"column":18}},"15":{"start":{"line":55,"column":8},"end":{"line":55,"column":35}},"16":{"start":{"line":61,"column":4},"end":{"line":63,"column":9}},"17":{"start":{"line":62,"column":8},"end":{"line":62,"column":15}},"18":{"start":{"line":64,"column":4},"end":{"line":77,"column":5}},"19":{"start":{"line":70,"column":8},"end":{"line":70,"column":14}},"20":{"start":{"line":76,"column":8},"end":{"line":76,"column":14}},"21":{"start":{"line":82,"column":4},"end":{"line":84,"column":9}},"22":{"start":{"line":83,"column":8},"end":{"line":83,"column":15}},"23":{"start":{"line":85,"column":4},"end":{"line":184,"column":5}},"24":{"start":{"line":92,"column":8},"end":{"line":94,"column":63}},"25":{"start":{"line":95,"column":8},"end":{"line":95,"column":14}},"26":{"start":{"line":102,"column":8},"end":{"line":111,"column":10},"skip":true},"27":{"start":{"line":109,"column":12},"end":{"line":109,"column":55},"skip":true},"28":{"start":{"line":110,"column":12},"end":{"line":110,"column":48},"skip":true},"29":{"start":{"line":113,"column":8},"end":{"line":126,"column":10},"skip":true},"30":{"start":{"line":120,"column":12},"end":{"line":120,"column":76},"skip":true},"31":{"start":{"line":121,"column":12},"end":{"line":121,"column":73},"skip":true},"32":{"start":{"line":122,"column":12},"end":{"line":122,"column":74},"skip":true},"33":{"start":{"line":123,"column":12},"end":{"line":123,"column":79},"skip":true},"34":{"start":{"line":124,"column":12},"end":{"line":124,"column":25},"skip":true},"35":{"start":{"line":125,"column":12},"end":{"line":125,"column":45},"skip":true},"36":{"start":{"line":128,"column":8},"end":{"line":135,"column":14},"skip":true},"37":{"start":{"line":133,"column":16},"end":{"line":133,"column":29},"skip":true},"38":{"start":{"line":134,"column":16},"end":{"line":134,"column":55},"skip":true},"39":{"start":{"line":137,"column":8},"end":{"line":146,"column":10},"skip":true},"40":{"start":{"line":144,"column":12},"end":{"line":144,"column":25},"skip":true},"41":{"start":{"line":145,"column":12},"end":{"line":145,"column":45},"skip":true},"42":{"start":{"line":148,"column":8},"end":{"line":157,"column":10},"skip":true},"43":{"start":{"line":155,"column":12},"end":{"line":155,"column":25},"skip":true},"44":{"start":{"line":156,"column":12},"end":{"line":156,"column":48},"skip":true},"45":{"start":{"line":159,"column":8},"end":{"line":168,"column":10},"skip":true},"46":{"start":{"line":166,"column":12},"end":{"line":166,"column":25},"skip":true},"47":{"start":{"line":167,"column":12},"end":{"line":167,"column":46},"skip":true},"48":{"start":{"line":170,"column":8},"end":{"line":179,"column":10},"skip":true},"49":{"start":{"line":177,"column":12},"end":{"line":177,"column":94},"skip":true},"50":{"start":{"line":178,"column":12},"end":{"line":178,"column":48},"skip":true},"51":{"start":{"line":182,"column":8},"end":{"line":182,"column":35},"skip":true},"52":{"start":{"line":183,"column":8},"end":{"line":183,"column":14},"skip":true}},"branchMap":{"1":{"line":25,"type":"binary-expr","locations":[{"start":{"line":25,"column":23},"end":{"line":25,"column":62}},{"start":{"line":26,"column":20},"end":{"line":26,"column":70}},{"start":{"line":27,"column":20},"end":{"line":27,"column":71}},{"start":{"line":28,"column":20},"end":{"line":28,"column":29}}]},"2":{"line":30,"type":"binary-expr","locations":[{"start":{"line":30,"column":23},"end":{"line":30,"column":37}},{"start":{"line":31,"column":20},"end":{"line":31,"column":61}},{"start":{"line":32,"column":20},"end":{"line":32,"column":70}},{"start":{"line":33,"column":20},"end":{"line":33,"column":26}}]},"3":{"line":37,"type":"cond-expr","locations":[{"start":{"line":38,"column":14},"end":{"line":38,"column":20}},{"start":{"line":39,"column":14},"end":{"line":39,"column":20}}]},"4":{"line":40,"type":"switch","locations":[{"start":{"line":42,"column":8},"end":{"line":47,"column":18}},{"start":{"line":49,"column":8},"end":{"line":52,"column":18}}]},"5":{"line":44,"type":"binary-expr","locations":[{"start":{"line":44,"column":16},"end":{"line":44,"column":44}},{"start":{"line":44,"column":48},"end":{"line":44,"column":66}}]},"6":{"line":50,"type":"binary-expr","locations":[{"start":{"line":50,"column":21},"end":{"line":50,"column":49}},{"start":{"line":50,"column":53},"end":{"line":50,"column":72}}]},"7":{"line":64,"type":"switch","locations":[{"start":{"line":69,"column":4},"end":{"line":70,"column":14}},{"start":{"line":75,"column":4},"end":{"line":76,"column":14}}]},"8":{"line":85,"type":"switch","locations":[{"start":{"line":90,"column":4},"end":{"line":95,"column":14}},{"start":{"line":101,"column":4},"end":{"line":183,"column":14},"skip":true}]},"9":{"line":92,"type":"binary-expr","locations":[{"start":{"line":92,"column":18},"end":{"line":92,"column":32}},{"start":{"line":93,"column":12},"end":{"line":93,"column":53}},{"start":{"line":94,"column":12},"end":{"line":94,"column":61}}]},"10":{"line":102,"type":"binary-expr","locations":[{"start":{"line":102,"column":45},"end":{"line":102,"column":79},"skip":true},{"start":{"line":102,"column":83},"end":{"line":111,"column":9},"skip":true}]},"11":{"line":113,"type":"binary-expr","locations":[{"start":{"line":113,"column":42},"end":{"line":113,"column":73},"skip":true},{"start":{"line":113,"column":77},"end":{"line":126,"column":9},"skip":true}]},"12":{"line":128,"type":"binary-expr","locations":[{"start":{"line":128,"column":48},"end":{"line":128,"column":85},"skip":true},{"start":{"line":129,"column":12},"end":{"line":135,"column":13},"skip":true}]},"13":{"line":137,"type":"binary-expr","locations":[{"start":{"line":137,"column":42},"end":{"line":137,"column":73},"skip":true},{"start":{"line":137,"column":77},"end":{"line":146,"column":9},"skip":true}]},"14":{"line":148,"type":"binary-expr","locations":[{"start":{"line":148,"column":45},"end":{"line":148,"column":79},"skip":true},{"start":{"line":148,"column":83},"end":{"line":157,"column":9},"skip":true}]},"15":{"line":159,"type":"binary-expr","locations":[{"start":{"line":159,"column":43},"end":{"line":159,"column":75},"skip":true},{"start":{"line":159,"column":79},"end":{"line":168,"column":9},"skip":true}]},"16":{"line":170,"type":"binary-expr","locations":[{"start":{"line":170,"column":41},"end":{"line":170,"column":71},"skip":true},{"start":{"line":170,"column":75},"end":{"line":179,"column":9},"skip":true}]}},"code":["/* istanbul instrument in package npmtest_generator_angular_php */","/*jslint","    bitwise: true,","    browser: true,","    maxerr: 8,","    maxlen: 96,","    node: true,","    nomen: true,","    regexp: true,","    stupid: true","*/","(function () {","    'use strict';","    var local;","","","","    // run shared js-env code - pre-init","    (function () {","        // init local","        local = {};","        // init modeJs","        local.modeJs = (function () {","            try {","                return typeof navigator.userAgent === 'string' &&","                    typeof document.querySelector('body') === 'object' &&","                    typeof XMLHttpRequest.prototype.open === 'function' &&","                    'browser';","            } catch (errorCaughtBrowser) {","                return module.exports &&","                    typeof process.versions.node === 'string' &&","                    typeof require('http').createServer === 'function' &&","                    'node';","            }","        }());","        // init global","        local.global = local.modeJs === 'browser'","            ? window","            : global;","        switch (local.modeJs) {","        // re-init local from window.local","        case 'browser':","            local = local.global.utility2.objectSetDefault(","                local.global.utility2_rollup || local.global.local,","                local.global.utility2","            );","            break;","        // re-init local from example.js","        case 'node':","            local = (local.global.utility2_rollup || require('utility2'))","                .requireExampleJsFromReadme();","            break;","        }","        // export local","        local.global.local = local;","    }());","","","","    // run shared js-env code - function","    (function () {","        return;","    }());","    switch (local.modeJs) {","","","","    // run browser js-env code - function","    case 'browser':","        break;","","","","    // run node js-env code - function","    case 'node':","        break;","    }","","","","    // run shared js-env code - post-init","    (function () {","        return;","    }());","    switch (local.modeJs) {","","","","    // run browser js-env code - post-init","    case 'browser':","        // run tests","        local.nop(local.modeTest &&","            document.querySelector('#testRunButton1') &&","            document.querySelector('#testRunButton1').click());","        break;","","","","    // run node js-env code - post-init","    /* istanbul ignore next */","    case 'node':","        local.testCase_buildApidoc_default = local.testCase_buildApidoc_default || function (","            options,","            onError","        ) {","        /*","         * this function will test buildApidoc's default handling-behavior-behavior","         */","            options = { modulePathList: module.paths };","            local.buildApidoc(options, onError);","        };","","        local.testCase_buildApp_default = local.testCase_buildApp_default || function (","            options,","            onError","        ) {","        /*","         * this function will test buildApp's default handling-behavior-behavior","         */","            local.testCase_buildReadme_default(options, local.onErrorThrow);","            local.testCase_buildLib_default(options, local.onErrorThrow);","            local.testCase_buildTest_default(options, local.onErrorThrow);","            local.testCase_buildCustomOrg_default(options, local.onErrorThrow);","            options = [];","            local.buildApp(options, onError);","        };","","        local.testCase_buildCustomOrg_default = local.testCase_buildCustomOrg_default ||","            function (options, onError) {","            /*","             * this function will test buildCustomOrg's default handling-behavior","             */","                options = {};","                local.buildCustomOrg(options, onError);","            };","","        local.testCase_buildLib_default = local.testCase_buildLib_default || function (","            options,","            onError","        ) {","        /*","         * this function will test buildLib's default handling-behavior","         */","            options = {};","            local.buildLib(options, onError);","        };","","        local.testCase_buildReadme_default = local.testCase_buildReadme_default || function (","            options,","            onError","        ) {","        /*","         * this function will test buildReadme's default handling-behavior-behavior","         */","            options = {};","            local.buildReadme(options, onError);","        };","","        local.testCase_buildTest_default = local.testCase_buildTest_default || function (","            options,","            onError","        ) {","        /*","         * this function will test buildTest's default handling-behavior","         */","            options = {};","            local.buildTest(options, onError);","        };","","        local.testCase_webpage_default = local.testCase_webpage_default || function (","            options,","            onError","        ) {","        /*","         * this function will test webpage's default handling-behavior","         */","            options = { modeCoverageMerge: true, url: local.serverLocalHost + '?modeTest=1' };","            local.browserTest(options, onError);","        };","","        // run test-server","        local.testRunServer(local);","        break;","    }","}());",""],"l":{"12":2,"14":2,"19":2,"21":2,"23":2,"24":2,"25":2,"30":1,"37":2,"40":2,"43":1,"47":1,"50":1,"52":1,"55":2,"61":2,"62":2,"64":2,"70":1,"76":1,"82":2,"83":2,"85":2,"92":1,"95":1,"102":1,"109":1,"110":1,"113":1,"120":1,"121":1,"122":1,"123":1,"124":1,"125":1,"128":1,"133":2,"134":2,"137":1,"144":2,"145":2,"148":1,"155":2,"156":2,"159":1,"166":2,"167":2,"170":1,"177":1,"178":1,"182":1,"183":1}},"/home/travis/build/npmtest/node-npmtest-generator-angular-php/lib.npmtest_generator_angular_php.js":{"path":"/home/travis/build/npmtest/node-npmtest-generator-angular-php/lib.npmtest_generator_angular_php.js","s":{"1":2,"2":2,"3":2,"4":2,"5":2,"6":2,"7":2,"8":1,"9":2,"10":2,"11":2,"12":2,"13":1,"14":1,"15":1,"16":1},"b":{"1":[2,1,1,1],"2":[1,1,1,1],"3":[1,1],"4":[2,2],"5":[1,1]},"f":{"1":2,"2":2,"3":2},"fnMap":{"1":{"name":"(anonymous_1)","line":12,"loc":{"start":{"line":12,"column":1},"end":{"line":12,"column":13}}},"2":{"name":"(anonymous_2)","line":19,"loc":{"start":{"line":19,"column":5},"end":{"line":19,"column":17}}},"3":{"name":"(anonymous_3)","line":23,"loc":{"start":{"line":23,"column":24},"end":{"line":23,"column":36}}}},"statementMap":{"1":{"start":{"line":12,"column":0},"end":{"line":53,"column":5}},"2":{"start":{"line":14,"column":4},"end":{"line":14,"column":14}},"3":{"start":{"line":19,"column":4},"end":{"line":52,"column":9}},"4":{"start":{"line":21,"column":8},"end":{"line":21,"column":19}},"5":{"start":{"line":23,"column":8},"end":{"line":35,"column":13}},"6":{"start":{"line":24,"column":12},"end":{"line":34,"column":13}},"7":{"start":{"line":25,"column":16},"end":{"line":28,"column":30}},"8":{"start":{"line":30,"column":16},"end":{"line":33,"column":27}},"9":{"start":{"line":37,"column":8},"end":{"line":39,"column":21}},"10":{"start":{"line":41,"column":8},"end":{"line":41,"column":54}},"11":{"start":{"line":43,"column":8},"end":{"line":43,"column":66}},"12":{"start":{"line":45,"column":8},"end":{"line":51,"column":9}},"13":{"start":{"line":46,"column":12},"end":{"line":46,"column":72}},"14":{"start":{"line":48,"column":12},"end":{"line":48,"column":35}},"15":{"start":{"line":49,"column":12},"end":{"line":49,"column":49}},"16":{"start":{"line":50,"column":12},"end":{"line":50,"column":43}}},"branchMap":{"1":{"line":25,"type":"binary-expr","locations":[{"start":{"line":25,"column":23},"end":{"line":25,"column":62}},{"start":{"line":26,"column":20},"end":{"line":26,"column":70}},{"start":{"line":27,"column":20},"end":{"line":27,"column":71}},{"start":{"line":28,"column":20},"end":{"line":28,"column":29}}]},"2":{"line":30,"type":"binary-expr","locations":[{"start":{"line":30,"column":23},"end":{"line":30,"column":37}},{"start":{"line":31,"column":20},"end":{"line":31,"column":61}},{"start":{"line":32,"column":20},"end":{"line":32,"column":70}},{"start":{"line":33,"column":20},"end":{"line":33,"column":26}}]},"3":{"line":37,"type":"cond-expr","locations":[{"start":{"line":38,"column":14},"end":{"line":38,"column":20}},{"start":{"line":39,"column":14},"end":{"line":39,"column":20}}]},"4":{"line":41,"type":"binary-expr","locations":[{"start":{"line":41,"column":16},"end":{"line":41,"column":44}},{"start":{"line":41,"column":48},"end":{"line":41,"column":53}}]},"5":{"line":45,"type":"if","locations":[{"start":{"line":45,"column":8},"end":{"line":45,"column":8}},{"start":{"line":45,"column":8},"end":{"line":45,"column":8}}]}},"code":["/* istanbul instrument in package npmtest_generator_angular_php */","/*jslint","    bitwise: true,","    browser: true,","    maxerr: 8,","    maxlen: 96,","    node: true,","    nomen: true,","    regexp: true,","    stupid: true","*/","(function () {","    'use strict';","    var local;","","","","    // run shared js-env code - pre-init","    (function () {","        // init local","        local = {};","        // init modeJs","        local.modeJs = (function () {","            try {","                return typeof navigator.userAgent === 'string' &&","                    typeof document.querySelector('body') === 'object' &&","                    typeof XMLHttpRequest.prototype.open === 'function' &&","                    'browser';","            } catch (errorCaughtBrowser) {","                return module.exports &&","                    typeof process.versions.node === 'string' &&","                    typeof require('http').createServer === 'function' &&","                    'node';","            }","        }());","        // init global","        local.global = local.modeJs === 'browser'","            ? window","            : global;","        // init utility2_rollup","        local = local.global.utility2_rollup || local;","        // init lib","        local.local = local.npmtest_generator_angular_php = local;","        // init exports","        if (local.modeJs === 'browser') {","            local.global.utility2_npmtest_generator_angular_php = local;","        } else {","            module.exports = local;","            module.exports.__dirname = __dirname;","            module.exports.module = module;","        }","    }());","}());",""],"l":{"12":2,"14":2,"19":2,"21":2,"23":2,"24":2,"25":2,"30":1,"37":2,"41":2,"43":2,"45":2,"46":1,"48":1,"49":1,"50":1}},"/home/travis/build/npmtest/node-npmtest-generator-angular-php/example.js":{"path":"/home/travis/build/npmtest/node-npmtest-generator-angular-php/example.js","s":{"1":2,"2":2,"3":2,"4":2,"5":2,"6":2,"7":2,"8":1,"9":2,"10":2,"11":2,"12":2,"13":1,"14":2,"15":2,"16":2,"17":2,"18":2,"19":0,"20":2,"21":1,"22":1,"23":1,"24":1,"25":1,"26":0,"27":0,"28":1,"29":1,"30":2,"31":0,"32":0,"33":0,"34":1,"35":2,"36":2,"37":2,"38":2,"39":2,"40":2,"41":0,"42":2,"43":2,"44":2,"45":1,"46":3,"47":1,"48":1,"49":1,"50":1,"51":1,"52":1,"53":1,"54":1,"55":1,"56":1,"57":0,"58":1,"59":6,"60":6,"61":1,"62":2,"63":0,"64":2,"65":1,"66":1,"67":0,"68":0,"69":0,"70":0,"71":0,"72":0,"73":0,"74":0,"75":0,"76":0,"77":0,"78":0,"79":0,"80":0,"81":0,"82":0,"83":0},"b":{"1":[2,1,1,1],"2":[1,1,1,1],"3":[1,1],"4":[2,2],"5":[1,1],"6":[1,1],"7":[2,0],"8":[2,1,1,1,1,1],"9":[0,2,0],"10":[1,1],"11":[2,1,1],"12":[1,0],"13":[0,2],"14":[2,0,0,0,0,0,0],"15":[0,2],"16":[2,0],"17":[1,1],"18":[0,1],"19":[1,2,0,2],"20":[1,0],"21":[1,1],"22":[0,0],"23":[0,0],"24":[0,0],"25":[0,0],"26":[0,0],"27":[0,0],"28":[0,0]},"f":{"1":2,"2":2,"3":2,"4":2,"5":2,"6":2,"7":2,"8":2,"9":3,"10":1,"11":6,"12":0},"fnMap":{"1":{"name":"(anonymous_1)","line":26,"loc":{"start":{"line":26,"column":1},"end":{"line":26,"column":13}}},"2":{"name":"(anonymous_2)","line":33,"loc":{"start":{"line":33,"column":5},"end":{"line":33,"column":17}}},"3":{"name":"(anonymous_3)","line":37,"loc":{"start":{"line":37,"column":24},"end":{"line":37,"column":36}}},"4":{"name":"(anonymous_4)","line":69,"loc":{"start":{"line":69,"column":31},"end":{"line":69,"column":48}},"skip":true},"5":{"name":"(anonymous_5)","line":78,"loc":{"start":{"line":78,"column":26},"end":{"line":78,"column":45}},"skip":true},"6":{"name":"(anonymous_6)","line":123,"loc":{"start":{"line":123,"column":33},"end":{"line":123,"column":48}},"skip":true},"7":{"name":"(anonymous_7)","line":125,"loc":{"start":{"line":125,"column":27},"end":{"line":125,"column":39}},"skip":true},"8":{"name":"(anonymous_8)","line":133,"loc":{"start":{"line":133,"column":59},"end":{"line":133,"column":74}},"skip":true},"9":{"name":"(anonymous_9)","line":143,"loc":{"start":{"line":143,"column":45},"end":{"line":143,"column":62}},"skip":true},"10":{"name":"(anonymous_10)","line":144,"loc":{"start":{"line":144,"column":73},"end":{"line":144,"column":92}},"skip":true},"11":{"name":"(anonymous_11)","line":272,"loc":{"start":{"line":272,"column":51},"end":{"line":272,"column":77}},"skip":true},"12":{"name":"(anonymous_12)","line":314,"loc":{"start":{"line":314,"column":32},"end":{"line":314,"column":61}},"skip":true}},"statementMap":{"1":{"start":{"line":26,"column":0},"end":{"line":325,"column":5}},"2":{"start":{"line":28,"column":4},"end":{"line":28,"column":14}},"3":{"start":{"line":33,"column":4},"end":{"line":60,"column":9}},"4":{"start":{"line":35,"column":8},"end":{"line":35,"column":19}},"5":{"start":{"line":37,"column":8},"end":{"line":49,"column":13}},"6":{"start":{"line":38,"column":12},"end":{"line":48,"column":13}},"7":{"start":{"line":39,"column":16},"end":{"line":42,"column":30}},"8":{"start":{"line":44,"column":16},"end":{"line":47,"column":27}},"9":{"start":{"line":51,"column":8},"end":{"line":53,"column":21}},"10":{"start":{"line":55,"column":8},"end":{"line":57,"column":45}},"11":{"start":{"line":59,"column":8},"end":{"line":59,"column":35}},"12":{"start":{"line":61,"column":4},"end":{"line":324,"column":5}},"13":{"start":{"line":69,"column":8},"end":{"line":121,"column":10},"skip":true},"14":{"start":{"line":70,"column":12},"end":{"line":88,"column":13},"skip":true},"15":{"start":{"line":76,"column":16},"end":{"line":87,"column":19},"skip":true},"16":{"start":{"line":79,"column":20},"end":{"line":86,"column":21},"skip":true},"17":{"start":{"line":82,"column":24},"end":{"line":82,"column":43},"skip":true},"18":{"start":{"line":83,"column":24},"end":{"line":83,"column":30},"skip":true},"19":{"start":{"line":85,"column":24},"end":{"line":85,"column":49},"skip":true},"20":{"start":{"line":89,"column":12},"end":{"line":107,"column":13},"skip":true},"21":{"start":{"line":92,"column":16},"end":{"line":102,"column":17},"skip":true},"22":{"start":{"line":93,"column":20},"end":{"line":93,"column":86},"skip":true},"23":{"start":{"line":94,"column":20},"end":{"line":95,"column":45},"skip":true},"24":{"start":{"line":96,"column":20},"end":{"line":96,"column":42},"skip":true},"25":{"start":{"line":97,"column":20},"end":{"line":97,"column":48},"skip":true},"26":{"start":{"line":100,"column":20},"end":{"line":100,"column":85},"skip":true},"27":{"start":{"line":101,"column":20},"end":{"line":101,"column":96},"skip":true},"28":{"start":{"line":103,"column":16},"end":{"line":103,"column":22},"skip":true},"29":{"start":{"line":106,"column":16},"end":{"line":106,"column":22},"skip":true},"30":{"start":{"line":108,"column":12},"end":{"line":120,"column":13},"skip":true},"31":{"start":{"line":114,"column":16},"end":{"line":119,"column":17},"skip":true},"32":{"start":{"line":116,"column":20},"end":{"line":116,"column":78},"skip":true},"33":{"start":{"line":118,"column":20},"end":{"line":118,"column":47},"skip":true},"34":{"start":{"line":123,"column":8},"end":{"line":141,"column":11},"skip":true},"35":{"start":{"line":124,"column":12},"end":{"line":124,"column":54},"skip":true},"36":{"start":{"line":125,"column":12},"end":{"line":140,"column":14},"skip":true},"37":{"start":{"line":126,"column":16},"end":{"line":126,"column":28},"skip":true},"38":{"start":{"line":127,"column":16},"end":{"line":127,"column":69},"skip":true},"39":{"start":{"line":128,"column":16},"end":{"line":128,"column":75},"skip":true},"40":{"start":{"line":129,"column":16},"end":{"line":131,"column":17},"skip":true},"41":{"start":{"line":130,"column":20},"end":{"line":130,"column":27},"skip":true},"42":{"start":{"line":133,"column":16},"end":{"line":137,"column":36},"skip":true},"43":{"start":{"line":134,"column":20},"end":{"line":136,"column":55},"skip":true},"44":{"start":{"line":139,"column":16},"end":{"line":139,"column":57},"skip":true},"45":{"start":{"line":143,"column":8},"end":{"line":147,"column":11},"skip":true},"46":{"start":{"line":144,"column":12},"end":{"line":146,"column":15},"skip":true},"47":{"start":{"line":145,"column":16},"end":{"line":145,"column":70},"skip":true},"48":{"start":{"line":149,"column":8},"end":{"line":149,"column":31},"skip":true},"49":{"start":{"line":150,"column":8},"end":{"line":150,"column":14},"skip":true},"50":{"start":{"line":158,"column":8},"end":{"line":158,"column":31},"skip":true},"51":{"start":{"line":160,"column":8},"end":{"line":160,"column":33},"skip":true},"52":{"start":{"line":161,"column":8},"end":{"line":161,"column":37},"skip":true},"53":{"start":{"line":162,"column":8},"end":{"line":162,"column":35},"skip":true},"54":{"start":{"line":164,"column":8},"end":{"line":164,"column":50},"skip":true},"55":{"start":{"line":166,"column":8},"end":{"line":256,"column":2},"skip":true},"56":{"start":{"line":258,"column":8},"end":{"line":286,"column":9},"skip":true},"57":{"start":{"line":259,"column":12},"end":{"line":269,"column":14},"skip":true},"58":{"start":{"line":271,"column":12},"end":{"line":285,"column":19},"skip":true},"59":{"start":{"line":274,"column":20},"end":{"line":274,"column":35},"skip":true},"60":{"start":{"line":275,"column":20},"end":{"line":284,"column":21},"skip":true},"61":{"start":{"line":277,"column":24},"end":{"line":277,"column":64},"skip":true},"62":{"start":{"line":279,"column":24},"end":{"line":279,"column":40},"skip":true},"63":{"start":{"line":281,"column":24},"end":{"line":281,"column":40},"skip":true},"64":{"start":{"line":283,"column":24},"end":{"line":283,"column":39},"skip":true},"65":{"start":{"line":288,"column":8},"end":{"line":290,"column":9},"skip":true},"66":{"start":{"line":289,"column":12},"end":{"line":289,"column":18},"skip":true},"67":{"start":{"line":291,"column":8},"end":{"line":293,"column":54},"skip":true},"68":{"start":{"line":294,"column":8},"end":{"line":301,"column":37},"skip":true},"69":{"start":{"line":302,"column":8},"end":{"line":302,"column":82},"skip":true},"70":{"start":{"line":305,"column":8},"end":{"line":307,"column":9},"skip":true},"71":{"start":{"line":306,"column":12},"end":{"line":306,"column":82},"skip":true},"72":{"start":{"line":309,"column":8},"end":{"line":311,"column":9},"skip":true},"73":{"start":{"line":310,"column":12},"end":{"line":310,"column":18},"skip":true},"74":{"start":{"line":312,"column":8},"end":{"line":312,"column":54},"skip":true},"75":{"start":{"line":313,"column":8},"end":{"line":313,"column":69},"skip":true},"76":{"start":{"line":314,"column":8},"end":{"line":322,"column":36},"skip":true},"77":{"start":{"line":315,"column":12},"end":{"line":315,"column":61},"skip":true},"78":{"start":{"line":316,"column":12},"end":{"line":319,"column":13},"skip":true},"79":{"start":{"line":317,"column":16},"end":{"line":317,"column":75},"skip":true},"80":{"start":{"line":318,"column":16},"end":{"line":318,"column":23},"skip":true},"81":{"start":{"line":320,"column":12},"end":{"line":320,"column":38},"skip":true},"82":{"start":{"line":321,"column":12},"end":{"line":321,"column":27},"skip":true},"83":{"start":{"line":323,"column":8},"end":{"line":323,"column":14},"skip":true}},"branchMap":{"1":{"line":39,"type":"binary-expr","locations":[{"start":{"line":39,"column":23},"end":{"line":39,"column":62}},{"start":{"line":40,"column":20},"end":{"line":40,"column":70}},{"start":{"line":41,"column":20},"end":{"line":41,"column":71}},{"start":{"line":42,"column":20},"end":{"line":42,"column":29}}]},"2":{"line":44,"type":"binary-expr","locations":[{"start":{"line":44,"column":23},"end":{"line":44,"column":37}},{"start":{"line":45,"column":20},"end":{"line":45,"column":61}},{"start":{"line":46,"column":20},"end":{"line":46,"column":70}},{"start":{"line":47,"column":20},"end":{"line":47,"column":26}}]},"3":{"line":51,"type":"cond-expr","locations":[{"start":{"line":52,"column":14},"end":{"line":52,"column":20}},{"start":{"line":53,"column":14},"end":{"line":53,"column":20}}]},"4":{"line":55,"type":"binary-expr","locations":[{"start":{"line":55,"column":16},"end":{"line":55,"column":44}},{"start":{"line":55,"column":49},"end":{"line":57,"column":43}}]},"5":{"line":55,"type":"cond-expr","locations":[{"start":{"line":56,"column":14},"end":{"line":56,"column":65}},{"start":{"line":57,"column":14},"end":{"line":57,"column":43}}]},"6":{"line":61,"type":"switch","locations":[{"start":{"line":68,"column":4},"end":{"line":150,"column":14},"skip":true},{"start":{"line":156,"column":4},"end":{"line":323,"column":14},"skip":true}]},"7":{"line":70,"type":"if","locations":[{"start":{"line":70,"column":12},"end":{"line":70,"column":12},"skip":true},{"start":{"line":70,"column":12},"end":{"line":70,"column":12},"skip":true}]},"8":{"line":70,"type":"binary-expr","locations":[{"start":{"line":70,"column":16},"end":{"line":70,"column":22},"skip":true},{"start":{"line":70,"column":27},"end":{"line":70,"column":32},"skip":true},{"start":{"line":71,"column":20},"end":{"line":71,"column":39},"skip":true},{"start":{"line":72,"column":20},"end":{"line":72,"column":49},"skip":true},{"start":{"line":73,"column":20},"end":{"line":73,"column":58},"skip":true},{"start":{"line":74,"column":20},"end":{"line":74,"column":69},"skip":true}]},"9":{"line":79,"type":"switch","locations":[{"start":{"line":80,"column":20},"end":{"line":80,"column":33},"skip":true},{"start":{"line":81,"column":20},"end":{"line":83,"column":30},"skip":true},{"start":{"line":84,"column":20},"end":{"line":85,"column":49},"skip":true}]},"10":{"line":89,"type":"switch","locations":[{"start":{"line":90,"column":12},"end":{"line":103,"column":22},"skip":true},{"start":{"line":105,"column":12},"end":{"line":106,"column":22},"skip":true}]},"11":{"line":89,"type":"binary-expr","locations":[{"start":{"line":89,"column":20},"end":{"line":89,"column":25},"skip":true},{"start":{"line":89,"column":29},"end":{"line":89,"column":48},"skip":true},{"start":{"line":89,"column":52},"end":{"line":89,"column":74},"skip":true}]},"12":{"line":92,"type":"if","locations":[{"start":{"line":92,"column":16},"end":{"line":92,"column":16},"skip":true},{"start":{"line":92,"column":16},"end":{"line":92,"column":16},"skip":true}]},"13":{"line":108,"type":"if","locations":[{"start":{"line":108,"column":12},"end":{"line":108,"column":12},"skip":true},{"start":{"line":108,"column":12},"end":{"line":108,"column":12},"skip":true}]},"14":{"line":108,"type":"binary-expr","locations":[{"start":{"line":108,"column":16},"end":{"line":108,"column":61},"skip":true},{"start":{"line":108,"column":66},"end":{"line":108,"column":72},"skip":true},{"start":{"line":108,"column":77},"end":{"line":108,"column":82},"skip":true},{"start":{"line":109,"column":20},"end":{"line":109,"column":39},"skip":true},{"start":{"line":110,"column":20},"end":{"line":110,"column":49},"skip":true},{"start":{"line":111,"column":20},"end":{"line":111,"column":58},"skip":true},{"start":{"line":112,"column":20},"end":{"line":112,"column":68},"skip":true}]},"15":{"line":129,"type":"if","locations":[{"start":{"line":129,"column":16},"end":{"line":129,"column":16},"skip":true},{"start":{"line":129,"column":16},"end":{"line":129,"column":16},"skip":true}]},"16":{"line":134,"type":"cond-expr","locations":[{"start":{"line":135,"column":26},"end":{"line":135,"column":29},"skip":true},{"start":{"line":136,"column":26},"end":{"line":136,"column":54},"skip":true}]},"17":{"line":164,"type":"binary-expr","locations":[{"start":{"line":164,"column":27},"end":{"line":164,"column":43},"skip":true},{"start":{"line":164,"column":47},"end":{"line":164,"column":49},"skip":true}]},"18":{"line":258,"type":"if","locations":[{"start":{"line":258,"column":8},"end":{"line":258,"column":8},"skip":true},{"start":{"line":258,"column":8},"end":{"line":258,"column":8},"skip":true}]},"19":{"line":275,"type":"switch","locations":[{"start":{"line":276,"column":20},"end":{"line":277,"column":64},"skip":true},{"start":{"line":278,"column":20},"end":{"line":279,"column":40},"skip":true},{"start":{"line":280,"column":20},"end":{"line":281,"column":40},"skip":true},{"start":{"line":282,"column":20},"end":{"line":283,"column":39},"skip":true}]},"20":{"line":288,"type":"if","locations":[{"start":{"line":288,"column":8},"end":{"line":288,"column":8},"skip":true},{"start":{"line":288,"column":8},"end":{"line":288,"column":8},"skip":true}]},"21":{"line":288,"type":"binary-expr","locations":[{"start":{"line":288,"column":12},"end":{"line":288,"column":40},"skip":true},{"start":{"line":288,"column":44},"end":{"line":288,"column":67},"skip":true}]},"22":{"line":292,"type":"binary-expr","locations":[{"start":{"line":292,"column":12},"end":{"line":292,"column":50},"skip":true},{"start":{"line":293,"column":12},"end":{"line":293,"column":53},"skip":true}]},"23":{"line":295,"type":"binary-expr","locations":[{"start":{"line":295,"column":12},"end":{"line":295,"column":79},"skip":true},{"start":{"line":296,"column":12},"end":{"line":301,"column":36},"skip":true}]},"24":{"line":302,"type":"binary-expr","locations":[{"start":{"line":302,"column":43},"end":{"line":302,"column":75},"skip":true},{"start":{"line":302,"column":79},"end":{"line":302,"column":81},"skip":true}]},"25":{"line":305,"type":"if","locations":[{"start":{"line":305,"column":8},"end":{"line":305,"column":8},"skip":true},{"start":{"line":305,"column":8},"end":{"line":305,"column":8},"skip":true}]},"26":{"line":309,"type":"if","locations":[{"start":{"line":309,"column":8},"end":{"line":309,"column":8},"skip":true},{"start":{"line":309,"column":8},"end":{"line":309,"column":8},"skip":true}]},"27":{"line":312,"type":"binary-expr","locations":[{"start":{"line":312,"column":27},"end":{"line":312,"column":43},"skip":true},{"start":{"line":312,"column":47},"end":{"line":312,"column":53},"skip":true}]},"28":{"line":316,"type":"if","locations":[{"start":{"line":316,"column":12},"end":{"line":316,"column":12},"skip":true},{"start":{"line":316,"column":12},"end":{"line":316,"column":12},"skip":true}]}},"code":["/*","example.js","","quickstart example","","instruction","    1. save this script as example.js","    2. run the shell command:","        $ npm install npmtest-generator-angular-php && PORT=8081 node example.js","    3. play with the browser-demo on http://127.0.0.1:8081","*/","","","","/* istanbul instrument in package npmtest_generator_angular_php */","/*jslint","    bitwise: true,","    browser: true,","    maxerr: 8,","    maxlen: 96,","    node: true,","    nomen: true,","    regexp: true,","    stupid: true","*/","(function () {","    'use strict';","    var local;","","","","    // run shared js-env code - pre-init","    (function () {","        // init local","        local = {};","        // init modeJs","        local.modeJs = (function () {","            try {","                return typeof navigator.userAgent === 'string' &&","                    typeof document.querySelector('body') === 'object' &&","                    typeof XMLHttpRequest.prototype.open === 'function' &&","                    'browser';","            } catch (errorCaughtBrowser) {","                return module.exports &&","                    typeof process.versions.node === 'string' &&","                    typeof require('http').createServer === 'function' &&","                    'node';","            }","        }());","        // init global","        local.global = local.modeJs === 'browser'","            ? window","            : global;","        // init utility2_rollup","        local = local.global.utility2_rollup || (local.modeJs === 'browser'","            ? local.global.utility2_npmtest_generator_angular_php","            : global.utility2_moduleExports);","        // export local","        local.global.local = local;","    }());","    switch (local.modeJs) {","","","","    // post-init","    // run browser js-env code - post-init","    /* istanbul ignore next */","    case 'browser':","        local.testRunBrowser = function (event) {","            if (!event || (event &&","                    event.currentTarget &&","                    event.currentTarget.className &&","                    event.currentTarget.className.includes &&","                    event.currentTarget.className.includes('onreset'))) {","                // reset output","                Array.from(","                    document.querySelectorAll('body > .resettable')","                ).forEach(function (element) {","                    switch (element.tagName) {","                    case 'INPUT':","                    case 'TEXTAREA':","                        element.value = '';","                        break;","                    default:","                        element.textContent = '';","                    }","                });","            }","            switch (event && event.currentTarget && event.currentTarget.id) {","            case 'testRunButton1':","                // show tests","                if (document.querySelector('#testReportDiv1').style.display === 'none') {","                    document.querySelector('#testReportDiv1').style.display = 'block';","                    document.querySelector('#testRunButton1').textContent =","                        'hide internal test';","                    local.modeTest = true;","                    local.testRunDefault(local);","                // hide tests","                } else {","                    document.querySelector('#testReportDiv1').style.display = 'none';","                    document.querySelector('#testRunButton1').textContent = 'run internal test';","                }","                break;","            // custom-case","            default:","                break;","            }","            if (document.querySelector('#inputTextareaEval1') && (!event || (event &&","                    event.currentTarget &&","                    event.currentTarget.className &&","                    event.currentTarget.className.includes &&","                    event.currentTarget.className.includes('oneval')))) {","                // try to eval input-code","                try {","                    /*jslint evil: true*/","                    eval(document.querySelector('#inputTextareaEval1').value);","                } catch (errorCaught) {","                    console.error(errorCaught);","                }","            }","        };","        // log stderr and stdout to #outputTextareaStdout1","        ['error', 'log'].forEach(function (key) {","            console[key + '_original'] = console[key];","            console[key] = function () {","                var element;","                console[key + '_original'].apply(console, arguments);","                element = document.querySelector('#outputTextareaStdout1');","                if (!element) {","                    return;","                }","                // append text to #outputTextareaStdout1","                element.value += Array.from(arguments).map(function (arg) {","                    return typeof arg === 'string'","                        ? arg","                        : JSON.stringify(arg, null, 4);","                }).join(' ') + '\\n';","                // scroll textarea to bottom","                element.scrollTop = element.scrollHeight;","            };","        });","        // init event-handling","        ['change', 'click', 'keyup'].forEach(function (event) {","            Array.from(document.querySelectorAll('.on' + event)).forEach(function (element) {","                element.addEventListener(event, local.testRunBrowser);","            });","        });","        // run tests","        local.testRunBrowser();","        break;","","","","    // run node js-env code - post-init","    /* istanbul ignore next */","    case 'node':","        // export local","        module.exports = local;","        // require modules","        local.fs = require('fs');","        local.http = require('http');","        local.url = require('url');","        // init assets","        local.assetsDict = local.assetsDict || {};","        /* jslint-ignore-begin */","        local.assetsDict['/assets.index.template.html'] = '\\","<!doctype html>\\n\\","<html lang=\"en\">\\n\\","<head>\\n\\","<meta charset=\"UTF-8\">\\n\\","<meta name=\"viewport\" content=\"width=device-width, initial-scale=1\">\\n\\","<title>{{env.npm_package_name}} (v{{env.npm_package_version}})</title>\\n\\","<style>\\n\\","/*csslint\\n\\","    box-sizing: false,\\n\\","    universal-selector: false\\n\\","*/\\n\\","* {\\n\\","    box-sizing: border-box;\\n\\","}\\n\\","body {\\n\\","    background: #dde;\\n\\","    font-family: Arial, Helvetica, sans-serif;\\n\\","    margin: 2rem;\\n\\","}\\n\\","body > * {\\n\\","    margin-bottom: 1rem;\\n\\","}\\n\\",".utility2FooterDiv {\\n\\","    margin-top: 20px;\\n\\","    text-align: center;\\n\\","}\\n\\","</style>\\n\\","<style>\\n\\","/*csslint\\n\\","*/\\n\\","textarea {\\n\\","    font-family: monospace;\\n\\","    height: 10rem;\\n\\","    width: 100%;\\n\\","}\\n\\","textarea[readonly] {\\n\\","    background: #ddd;\\n\\","}\\n\\","</style>\\n\\","</head>\\n\\","<body>\\n\\","<!-- utility2-comment\\n\\","<div id=\"ajaxProgressDiv1\" style=\"background: #d00; height: 2px; left: 0; margin: 0; padding: 0; position: fixed; top: 0; transition: background 0.5s, width 1.5s; width: 25%;\"></div>\\n\\","utility2-comment -->\\n\\","<h1>\\n\\","<!-- utility2-comment\\n\\","    <a\\n\\","        {{#if env.npm_package_homepage}}\\n\\","        href=\"{{env.npm_package_homepage}}\"\\n\\","        {{/if env.npm_package_homepage}}\\n\\","        target=\"_blank\"\\n\\","    >\\n\\","utility2-comment -->\\n\\","        {{env.npm_package_name}} (v{{env.npm_package_version}})\\n\\","<!-- utility2-comment\\n\\","    </a>\\n\\","utility2-comment -->\\n\\","</h1>\\n\\","<h3>{{env.npm_package_description}}</h3>\\n\\","<!-- utility2-comment\\n\\","<h4><a download href=\"assets.app.js\">download standalone app</a></h4>\\n\\","<button class=\"onclick onreset\" id=\"testRunButton1\">run internal test</button><br>\\n\\","<div id=\"testReportDiv1\" style=\"display: none;\"></div>\\n\\","utility2-comment -->\\n\\","\\n\\","\\n\\","\\n\\","<label>stderr and stdout</label>\\n\\","<textarea class=\"resettable\" id=\"outputTextareaStdout1\" readonly></textarea>\\n\\","<!-- utility2-comment\\n\\","{{#if isRollup}}\\n\\","<script src=\"assets.app.js\"></script>\\n\\","{{#unless isRollup}}\\n\\","utility2-comment -->\\n\\","<script src=\"assets.utility2.rollup.js\"></script>\\n\\","<script src=\"jsonp.utility2._stateInit?callback=window.utility2._stateInit\"></script>\\n\\","<script src=\"assets.npmtest_generator_angular_php.rollup.js\"></script>\\n\\","<script src=\"assets.example.js\"></script>\\n\\","<script src=\"assets.test.js\"></script>\\n\\","<!-- utility2-comment\\n\\","{{/if isRollup}}\\n\\","utility2-comment -->\\n\\","<div class=\"utility2FooterDiv\">\\n\\","    [ this app was created with\\n\\","    <a href=\"https://github.com/kaizhu256/node-utility2\" target=\"_blank\">utility2</a>\\n\\","    ]\\n\\","</div>\\n\\","</body>\\n\\","</html>\\n\\","';","        /* jslint-ignore-end */","        if (local.templateRender) {","            local.assetsDict['/'] = local.templateRender(","                local.assetsDict['/assets.index.template.html'],","                {","                    env: local.objectSetDefault(local.env, {","                        npm_package_description: 'the greatest app in the world!',","                        npm_package_name: 'my-app',","                        npm_package_nameAlias: 'my_app',","                        npm_package_version: '0.0.1'","                    })","                }","            );","        } else {","            local.assetsDict['/'] = local.assetsDict['/assets.index.template.html']","                .replace((/\\{\\{env\\.(\\w+?)\\}\\}/g), function (match0, match1) {","                    // jslint-hack","                    String(match0);","                    switch (match1) {","                    case 'npm_package_description':","                        return 'the greatest app in the world!';","                    case 'npm_package_name':","                        return 'my-app';","                    case 'npm_package_nameAlias':","                        return 'my_app';","                    case 'npm_package_version':","                        return '0.0.1';","                    }","                });","        }","        // run the cli","        if (local.global.utility2_rollup || module !== require.main) {","            break;","        }","        local.assetsDict['/assets.example.js'] =","            local.assetsDict['/assets.example.js'] ||","            local.fs.readFileSync(__filename, 'utf8');","        local.assetsDict['/assets.npmtest_generator_angular_php.rollup.js'] =","            local.assetsDict['/assets.npmtest_generator_angular_php.rollup.js'] ||","            local.fs.readFileSync(","                // buildCustomOrg-hack","                local.npmtest_generator_angular_php.__dirname +","                    '/lib.npmtest_generator_angular_php.js',","                'utf8'","            ).replace((/^#!/), '//');","        local.assetsDict['/favicon.ico'] = local.assetsDict['/favicon.ico'] || '';","        // if $npm_config_timeout_exit exists,","        // then exit this process after $npm_config_timeout_exit ms","        if (Number(process.env.npm_config_timeout_exit)) {","            setTimeout(process.exit, Number(process.env.npm_config_timeout_exit));","        }","        // start server","        if (local.global.utility2_serverHttp1) {","            break;","        }","        process.env.PORT = process.env.PORT || '8081';","        console.error('server starting on port ' + process.env.PORT);","        local.http.createServer(function (request, response) {","            request.urlParsed = local.url.parse(request.url);","            if (local.assetsDict[request.urlParsed.pathname] !== undefined) {","                response.end(local.assetsDict[request.urlParsed.pathname]);","                return;","            }","            response.statusCode = 404;","            response.end();","        }).listen(process.env.PORT);","        break;","    }","}());",""],"l":{"26":2,"28":2,"33":2,"35":2,"37":2,"38":2,"39":2,"44":1,"51":2,"55":2,"59":2,"61":2,"69":1,"70":2,"76":2,"79":2,"82":2,"83":2,"85":1,"89":2,"92":1,"93":1,"94":1,"96":1,"97":1,"100":1,"101":1,"103":1,"106":1,"108":2,"114":1,"116":1,"118":1,"123":1,"124":2,"125":2,"126":2,"127":2,"128":2,"129":2,"130":1,"133":2,"134":2,"139":2,"143":1,"144":3,"145":1,"149":1,"150":1,"158":1,"160":1,"161":1,"162":1,"164":1,"166":1,"258":1,"259":1,"271":1,"274":6,"275":6,"277":1,"279":2,"281":1,"283":2,"288":1,"289":1,"291":1,"294":1,"302":1,"305":1,"306":1,"309":1,"310":1,"312":1,"313":1,"314":1,"315":1,"316":1,"317":1,"318":1,"320":1,"321":1,"323":1}},"/home/travis/build/npmtest/node-npmtest-generator-angular-php/node_modules/generator-angular-php/app/index.js":{"path":"/home/travis/build/npmtest/node-npmtest-generator-angular-php/node_modules/generator-angular-php/app/index.js","s":{"1":1,"2":1,"3":1,"4":1,"5":1,"6":1,"7":1,"8":1,"9":1,"10":0,"11":0,"12":0,"13":0,"14":0,"15":0,"16":0,"17":0,"18":0,"19":0,"20":0,"21":0,"22":0,"23":0,"24":0,"25":0,"26":0,"27":0,"28":0,"29":0,"30":0,"31":0,"32":0,"33":0,"34":0,"35":0,"36":0,"37":0,"38":0,"39":0,"40":0,"41":0,"42":0,"43":0,"44":0,"45":0,"46":0,"47":0,"48":0,"49":0,"50":0,"51":0,"52":0,"53":0,"54":0,"55":0,"56":0,"57":0,"58":0,"59":1,"60":1,"61":0,"62":0,"63":0,"64":0,"65":0,"66":1,"67":0,"68":0,"69":0,"70":0,"71":1,"72":0,"73":0,"74":0,"75":0,"76":0,"77":0,"78":0,"79":1,"80":0,"81":0,"82":0,"83":0,"84":0,"85":0,"86":0,"87":0,"88":0,"89":0,"90":0,"91":0,"92":0,"93":0,"94":0,"95":0,"96":0,"97":0,"98":0,"99":0,"100":0,"101":0,"102":0,"103":0,"104":0,"105":0,"106":0,"107":0,"108":1,"109":0,"110":0,"111":1,"112":0,"113":0,"114":1,"115":0,"116":1,"117":0,"118":0,"119":1,"120":0,"121":0,"122":0,"123":0,"124":0,"125":1,"126":0,"127":0,"128":0,"129":1,"130":0,"131":0,"132":0,"133":0,"134":0,"135":0,"136":0,"137":0,"138":0,"139":0,"140":1,"141":0,"142":0},"b":{"1":[0,0],"2":[0,0],"3":[0,0],"4":[0,0],"5":[0,0],"6":[0,0],"7":[0,0],"8":[0,0],"9":[0,0],"10":[0,0],"11":[0,0],"12":[0,0],"13":[0,0],"14":[0,0],"15":[0,0],"16":[0,0],"17":[0,0],"18":[0,0],"19":[0,0],"20":[0,0],"21":[0,0],"22":[0,0],"23":[0,0],"24":[0,0],"25":[0,0],"26":[0,0],"27":[0,0]},"f":{"1":0,"2":0,"3":0,"4":0,"5":0,"6":0,"7":0,"8":0,"9":0,"10":0,"11":0,"12":0,"13":0,"14":0,"15":0,"16":0,"17":0,"18":0,"19":0,"20":0},"fnMap":{"1":{"name":"Generator","line":11,"loc":{"start":{"line":11,"column":33},"end":{"line":11,"column":67}}},"2":{"name":"(anonymous_2)","line":72,"loc":{"start":{"line":72,"column":17},"end":{"line":72,"column":29}}},"3":{"name":"(anonymous_3)","line":126,"loc":{"start":{"line":126,"column":16},"end":{"line":126,"column":27}}},"4":{"name":"welcome","line":145,"loc":{"start":{"line":145,"column":30},"end":{"line":145,"column":49}}},"5":{"name":"askForCompass","line":165,"loc":{"start":{"line":165,"column":36},"end":{"line":165,"column":61}}},"6":{"name":"(anonymous_6)","line":173,"loc":{"start":{"line":173,"column":6},"end":{"line":173,"column":23}}},"7":{"name":"askForBootstrap","line":180,"loc":{"start":{"line":180,"column":38},"end":{"line":180,"column":65}}},"8":{"name":"(anonymous_8)","line":194,"loc":{"start":{"line":194,"column":10},"end":{"line":194,"column":27}}},"9":{"name":"(anonymous_9)","line":197,"loc":{"start":{"line":197,"column":6},"end":{"line":197,"column":23}}},"10":{"name":"askForModules","line":205,"loc":{"start":{"line":205,"column":36},"end":{"line":205,"column":61}}},"11":{"name":"(anonymous_11)","line":241,"loc":{"start":{"line":241,"column":23},"end":{"line":241,"column":40}}},"12":{"name":"(anonymous_12)","line":242,"loc":{"start":{"line":242,"column":17},"end":{"line":242,"column":32}}},"13":{"name":"readIndex","line":285,"loc":{"start":{"line":285,"column":32},"end":{"line":285,"column":53}}},"14":{"name":"bootstrapFiles","line":290,"loc":{"start":{"line":290,"column":37},"end":{"line":290,"column":63}}},"15":{"name":"appJs","line":298,"loc":{"start":{"line":298,"column":28},"end":{"line":298,"column":45}}},"16":{"name":"createIndexHtml","line":308,"loc":{"start":{"line":308,"column":38},"end":{"line":308,"column":65}}},"17":{"name":"packageFiles","line":313,"loc":{"start":{"line":313,"column":35},"end":{"line":313,"column":59}}},"18":{"name":"_injectDependencies","line":321,"loc":{"start":{"line":321,"column":42},"end":{"line":321,"column":73}}},"19":{"name":"(anonymous_19)","line":346,"loc":{"start":{"line":346,"column":31},"end":{"line":346,"column":43}}},"20":{"name":"_installPhpDependencies","line":359,"loc":{"start":{"line":359,"column":46},"end":{"line":359,"column":81}}}},"statementMap":{"1":{"start":{"line":2,"column":0},"end":{"line":2,"column":23}},"2":{"start":{"line":3,"column":0},"end":{"line":3,"column":27}},"3":{"start":{"line":4,"column":0},"end":{"line":4,"column":27}},"4":{"start":{"line":5,"column":0},"end":{"line":5,"column":41}},"5":{"start":{"line":6,"column":0},"end":{"line":6,"column":41}},"6":{"start":{"line":7,"column":0},"end":{"line":7,"column":29}},"7":{"start":{"line":8,"column":0},"end":{"line":8,"column":33}},"8":{"start":{"line":9,"column":0},"end":{"line":9,"column":29}},"9":{"start":{"line":11,"column":0},"end":{"line":141,"column":2}},"10":{"start":{"line":12,"column":2},"end":{"line":12,"column":48}},"11":{"start":{"line":13,"column":2},"end":{"line":13,"column":62}},"12":{"start":{"line":14,"column":2},"end":{"line":14,"column":62}},"13":{"start":{"line":15,"column":2},"end":{"line":15,"column":80}},"14":{"start":{"line":17,"column":2},"end":{"line":21,"column":5}},"15":{"start":{"line":22,"column":2},"end":{"line":22,"column":62}},"16":{"start":{"line":23,"column":2},"end":{"line":23,"column":65}},"17":{"start":{"line":25,"column":2},"end":{"line":25,"column":18}},"18":{"start":{"line":27,"column":2},"end":{"line":41,"column":3}},"19":{"start":{"line":28,"column":4},"end":{"line":30,"column":7}},"20":{"start":{"line":32,"column":4},"end":{"line":32,"column":52}},"21":{"start":{"line":34,"column":4},"end":{"line":38,"column":5}},"22":{"start":{"line":35,"column":6},"end":{"line":37,"column":20}},"23":{"start":{"line":36,"column":8},"end":{"line":36,"column":91}},"24":{"start":{"line":39,"column":4},"end":{"line":39,"column":65}},"25":{"start":{"line":40,"column":4},"end":{"line":40,"column":52}},"26":{"start":{"line":43,"column":2},"end":{"line":43,"column":42}},"27":{"start":{"line":45,"column":2},"end":{"line":58,"column":3}},"28":{"start":{"line":46,"column":4},"end":{"line":48,"column":7}},"29":{"start":{"line":52,"column":4},"end":{"line":55,"column":5}},"30":{"start":{"line":54,"column":6},"end":{"line":54,"column":33}},"31":{"start":{"line":57,"column":4},"end":{"line":57,"column":50}},"32":{"start":{"line":60,"column":2},"end":{"line":62,"column":5}},"33":{"start":{"line":64,"column":2},"end":{"line":66,"column":5}},"34":{"start":{"line":68,"column":2},"end":{"line":70,"column":5}},"35":{"start":{"line":72,"column":2},"end":{"line":137,"column":5}},"36":{"start":{"line":74,"column":4},"end":{"line":74,"column":31}},"37":{"start":{"line":76,"column":4},"end":{"line":78,"column":5}},"38":{"start":{"line":77,"column":6},"end":{"line":77,"column":67}},"39":{"start":{"line":80,"column":4},"end":{"line":82,"column":5}},"40":{"start":{"line":81,"column":6},"end":{"line":81,"column":67}},"41":{"start":{"line":84,"column":4},"end":{"line":86,"column":5}},"42":{"start":{"line":85,"column":6},"end":{"line":85,"column":69}},"43":{"start":{"line":88,"column":4},"end":{"line":90,"column":5}},"44":{"start":{"line":89,"column":6},"end":{"line":89,"column":63}},"45":{"start":{"line":92,"column":4},"end":{"line":94,"column":5}},"46":{"start":{"line":93,"column":6},"end":{"line":93,"column":69}},"47":{"start":{"line":96,"column":4},"end":{"line":98,"column":5}},"48":{"start":{"line":97,"column":6},"end":{"line":97,"column":63}},"49":{"start":{"line":100,"column":4},"end":{"line":103,"column":42}},"50":{"start":{"line":105,"column":4},"end":{"line":105,"column":54}},"51":{"start":{"line":107,"column":4},"end":{"line":121,"column":7}},"52":{"start":{"line":123,"column":4},"end":{"line":130,"column":7}},"53":{"start":{"line":127,"column":8},"end":{"line":127,"column":35}},"54":{"start":{"line":128,"column":8},"end":{"line":128,"column":39}},"55":{"start":{"line":132,"column":4},"end":{"line":136,"column":5}},"56":{"start":{"line":133,"column":6},"end":{"line":135,"column":9}},"57":{"start":{"line":139,"column":2},"end":{"line":139,"column":40}},"58":{"start":{"line":140,"column":2},"end":{"line":140,"column":63}},"59":{"start":{"line":143,"column":0},"end":{"line":143,"column":49}},"60":{"start":{"line":145,"column":0},"end":{"line":163,"column":2}},"61":{"start":{"line":146,"column":2},"end":{"line":154,"column":3}},"62":{"start":{"line":147,"column":4},"end":{"line":147,"column":22}},"63":{"start":{"line":148,"column":4},"end":{"line":153,"column":6}},"64":{"start":{"line":156,"column":2},"end":{"line":162,"column":3}},"65":{"start":{"line":157,"column":4},"end":{"line":161,"column":6}},"66":{"start":{"line":165,"column":0},"end":{"line":178,"column":2}},"67":{"start":{"line":166,"column":2},"end":{"line":166,"column":24}},"68":{"start":{"line":168,"column":2},"end":{"line":177,"column":16}},"69":{"start":{"line":174,"column":4},"end":{"line":174,"column":33}},"70":{"start":{"line":176,"column":4},"end":{"line":176,"column":9}},"71":{"start":{"line":180,"column":0},"end":{"line":203,"column":2}},"72":{"start":{"line":181,"column":2},"end":{"line":181,"column":29}},"73":{"start":{"line":182,"column":2},"end":{"line":182,"column":24}},"74":{"start":{"line":184,"column":2},"end":{"line":202,"column":16}},"75":{"start":{"line":195,"column":6},"end":{"line":195,"column":40}},"76":{"start":{"line":198,"column":4},"end":{"line":198,"column":37}},"77":{"start":{"line":199,"column":4},"end":{"line":199,"column":51}},"78":{"start":{"line":201,"column":4},"end":{"line":201,"column":9}},"79":{"start":{"line":205,"column":0},"end":{"line":283,"column":2}},"80":{"start":{"line":206,"column":2},"end":{"line":206,"column":24}},"81":{"start":{"line":208,"column":2},"end":{"line":239,"column":5}},"82":{"start":{"line":241,"column":2},"end":{"line":282,"column":16}},"83":{"start":{"line":242,"column":4},"end":{"line":242,"column":78}},"84":{"start":{"line":242,"column":34},"end":{"line":242,"column":75}},"85":{"start":{"line":243,"column":4},"end":{"line":243,"column":49}},"86":{"start":{"line":244,"column":4},"end":{"line":244,"column":49}},"87":{"start":{"line":245,"column":4},"end":{"line":245,"column":51}},"88":{"start":{"line":246,"column":4},"end":{"line":246,"column":45}},"89":{"start":{"line":247,"column":4},"end":{"line":247,"column":51}},"90":{"start":{"line":248,"column":4},"end":{"line":248,"column":45}},"91":{"start":{"line":250,"column":4},"end":{"line":250,"column":21}},"92":{"start":{"line":252,"column":4},"end":{"line":254,"column":5}},"93":{"start":{"line":253,"column":6},"end":{"line":253,"column":34}},"94":{"start":{"line":256,"column":4},"end":{"line":258,"column":5}},"95":{"start":{"line":257,"column":6},"end":{"line":257,"column":34}},"96":{"start":{"line":260,"column":4},"end":{"line":262,"column":5}},"97":{"start":{"line":261,"column":6},"end":{"line":261,"column":35}},"98":{"start":{"line":264,"column":4},"end":{"line":267,"column":5}},"99":{"start":{"line":265,"column":6},"end":{"line":265,"column":32}},"100":{"start":{"line":266,"column":6},"end":{"line":266,"column":38}},"101":{"start":{"line":269,"column":4},"end":{"line":271,"column":5}},"102":{"start":{"line":270,"column":6},"end":{"line":270,"column":35}},"103":{"start":{"line":273,"column":4},"end":{"line":275,"column":5}},"104":{"start":{"line":274,"column":6},"end":{"line":274,"column":32}},"105":{"start":{"line":277,"column":4},"end":{"line":279,"column":5}},"106":{"start":{"line":278,"column":6},"end":{"line":278,"column":81}},"107":{"start":{"line":281,"column":4},"end":{"line":281,"column":9}},"108":{"start":{"line":285,"column":0},"end":{"line":288,"column":2}},"109":{"start":{"line":286,"column":2},"end":{"line":286,"column":42}},"110":{"start":{"line":287,"column":2},"end":{"line":287,"column":66}},"111":{"start":{"line":290,"column":0},"end":{"line":296,"column":2}},"112":{"start":{"line":291,"column":2},"end":{"line":291,"column":67}},"113":{"start":{"line":292,"column":2},"end":{"line":295,"column":4}},"114":{"start":{"line":298,"column":0},"end":{"line":306,"column":2}},"115":{"start":{"line":299,"column":2},"end":{"line":305,"column":5}},"116":{"start":{"line":308,"column":0},"end":{"line":311,"column":2}},"117":{"start":{"line":309,"column":2},"end":{"line":309,"column":58}},"118":{"start":{"line":310,"column":2},"end":{"line":310,"column":68}},"119":{"start":{"line":313,"column":0},"end":{"line":319,"column":2}},"120":{"start":{"line":314,"column":2},"end":{"line":314,"column":40}},"121":{"start":{"line":315,"column":2},"end":{"line":315,"column":50}},"122":{"start":{"line":316,"column":2},"end":{"line":316,"column":45}},"123":{"start":{"line":317,"column":2},"end":{"line":317,"column":54}},"124":{"start":{"line":318,"column":2},"end":{"line":318,"column":54}},"125":{"start":{"line":321,"column":0},"end":{"line":344,"column":2}},"126":{"start":{"line":322,"column":2},"end":{"line":343,"column":3}},"127":{"start":{"line":323,"column":4},"end":{"line":328,"column":6}},"128":{"start":{"line":330,"column":4},"end":{"line":342,"column":7}},"129":{"start":{"line":346,"column":0},"end":{"line":357,"column":2}},"130":{"start":{"line":347,"column":2},"end":{"line":347,"column":53}},"131":{"start":{"line":348,"column":2},"end":{"line":348,"column":62}},"132":{"start":{"line":349,"column":2},"end":{"line":349,"column":58}},"133":{"start":{"line":350,"column":2},"end":{"line":350,"column":50}},"134":{"start":{"line":351,"column":2},"end":{"line":351,"column":48}},"135":{"start":{"line":352,"column":2},"end":{"line":352,"column":52}},"136":{"start":{"line":353,"column":2},"end":{"line":353,"column":50}},"137":{"start":{"line":354,"column":2},"end":{"line":354,"column":49}},"138":{"start":{"line":355,"column":2},"end":{"line":355,"column":43}},"139":{"start":{"line":356,"column":2},"end":{"line":356,"column":47}},"140":{"start":{"line":359,"column":0},"end":{"line":366,"column":2}},"141":{"start":{"line":360,"column":2},"end":{"line":364,"column":4}},"142":{"start":{"line":365,"column":2},"end":{"line":365,"column":67}}},"branchMap":{"1":{"line":14,"type":"binary-expr","locations":[{"start":{"line":14,"column":17},"end":{"line":14,"column":29}},{"start":{"line":14,"column":33},"end":{"line":14,"column":61}}]},"2":{"line":27,"type":"if","locations":[{"start":{"line":27,"column":2},"end":{"line":27,"column":2}},{"start":{"line":27,"column":2},"end":{"line":27,"column":2}}]},"3":{"line":34,"type":"if","locations":[{"start":{"line":34,"column":4},"end":{"line":34,"column":4}},{"start":{"line":34,"column":4},"end":{"line":34,"column":4}}]},"4":{"line":39,"type":"binary-expr","locations":[{"start":{"line":39,"column":31},"end":{"line":39,"column":55}},{"start":{"line":39,"column":59},"end":{"line":39,"column":64}}]},"5":{"line":45,"type":"if","locations":[{"start":{"line":45,"column":2},"end":{"line":45,"column":2}},{"start":{"line":45,"column":2},"end":{"line":45,"column":2}}]},"6":{"line":52,"type":"if","locations":[{"start":{"line":52,"column":4},"end":{"line":52,"column":4}},{"start":{"line":52,"column":4},"end":{"line":52,"column":4}}]},"7":{"line":52,"type":"binary-expr","locations":[{"start":{"line":52,"column":8},"end":{"line":52,"column":28}},{"start":{"line":53,"column":6},"end":{"line":53,"column":86}}]},"8":{"line":76,"type":"if","locations":[{"start":{"line":76,"column":4},"end":{"line":76,"column":4}},{"start":{"line":76,"column":4},"end":{"line":76,"column":4}}]},"9":{"line":80,"type":"if","locations":[{"start":{"line":80,"column":4},"end":{"line":80,"column":4}},{"start":{"line":80,"column":4},"end":{"line":80,"column":4}}]},"10":{"line":84,"type":"if","locations":[{"start":{"line":84,"column":4},"end":{"line":84,"column":4}},{"start":{"line":84,"column":4},"end":{"line":84,"column":4}}]},"11":{"line":88,"type":"if","locations":[{"start":{"line":88,"column":4},"end":{"line":88,"column":4}},{"start":{"line":88,"column":4},"end":{"line":88,"column":4}}]},"12":{"line":92,"type":"if","locations":[{"start":{"line":92,"column":4},"end":{"line":92,"column":4}},{"start":{"line":92,"column":4},"end":{"line":92,"column":4}}]},"13":{"line":96,"type":"if","locations":[{"start":{"line":96,"column":4},"end":{"line":96,"column":4}},{"start":{"line":96,"column":4},"end":{"line":96,"column":4}}]},"14":{"line":105,"type":"cond-expr","locations":[{"start":{"line":105,"column":38},"end":{"line":105,"column":46}},{"start":{"line":105,"column":49},"end":{"line":105,"column":53}}]},"15":{"line":132,"type":"if","locations":[{"start":{"line":132,"column":4},"end":{"line":132,"column":4}},{"start":{"line":132,"column":4},"end":{"line":132,"column":4}}]},"16":{"line":146,"type":"if","locations":[{"start":{"line":146,"column":2},"end":{"line":146,"column":2}},{"start":{"line":146,"column":2},"end":{"line":146,"column":2}}]},"17":{"line":156,"type":"if","locations":[{"start":{"line":156,"column":2},"end":{"line":156,"column":2}},{"start":{"line":156,"column":2},"end":{"line":156,"column":2}}]},"18":{"line":195,"type":"binary-expr","locations":[{"start":{"line":195,"column":13},"end":{"line":195,"column":28}},{"start":{"line":195,"column":32},"end":{"line":195,"column":39}}]},"19":{"line":252,"type":"if","locations":[{"start":{"line":252,"column":4},"end":{"line":252,"column":4}},{"start":{"line":252,"column":4},"end":{"line":252,"column":4}}]},"20":{"line":256,"type":"if","locations":[{"start":{"line":256,"column":4},"end":{"line":256,"column":4}},{"start":{"line":256,"column":4},"end":{"line":256,"column":4}}]},"21":{"line":260,"type":"if","locations":[{"start":{"line":260,"column":4},"end":{"line":260,"column":4}},{"start":{"line":260,"column":4},"end":{"line":260,"column":4}}]},"22":{"line":264,"type":"if","locations":[{"start":{"line":264,"column":4},"end":{"line":264,"column":4}},{"start":{"line":264,"column":4},"end":{"line":264,"column":4}}]},"23":{"line":269,"type":"if","locations":[{"start":{"line":269,"column":4},"end":{"line":269,"column":4}},{"start":{"line":269,"column":4},"end":{"line":269,"column":4}}]},"24":{"line":273,"type":"if","locations":[{"start":{"line":273,"column":4},"end":{"line":273,"column":4}},{"start":{"line":273,"column":4},"end":{"line":273,"column":4}}]},"25":{"line":277,"type":"if","locations":[{"start":{"line":277,"column":4},"end":{"line":277,"column":4}},{"start":{"line":277,"column":4},"end":{"line":277,"column":4}}]},"26":{"line":291,"type":"cond-expr","locations":[{"start":{"line":291,"column":49},"end":{"line":291,"column":52}},{"start":{"line":291,"column":55},"end":{"line":291,"column":57}}]},"27":{"line":322,"type":"if","locations":[{"start":{"line":322,"column":2},"end":{"line":322,"column":2}},{"start":{"line":322,"column":2},"end":{"line":322,"column":2}}]}},"code":["'use strict';","var fs = require('fs');","var path = require('path');","var util = require('util');","var angularUtils = require('../util.js');","var yeoman = require('yeoman-generator');","var yosay = require('yosay');","var wiredep = require('wiredep');","var chalk = require('chalk');","","var Generator = module.exports = function Generator(args, options) {","  yeoman.generators.Base.apply(this, arguments);","  this.argument('appname', { type: String, required: false });","  this.appname = this.appname || path.basename(process.cwd());","  this.appname = this._.camelize(this._.slugify(this._.humanize(this.appname)));","","  this.option('app-suffix', {","    desc: 'Allow a custom suffix to be added to the module name',","    type: String,","    required: 'false'","  });","  this.env.options['app-suffix'] = this.options['app-suffix'];","  this.scriptAppName = this.appname + angularUtils.appName(this);","","  args = ['main'];","","  if (typeof this.env.options.appPath === 'undefined') {","    this.option('appPath', {","      desc: 'Generate CoffeeScript instead of JavaScript'","    });","","    this.env.options.appPath = this.options.appPath;","","    if (!this.env.options.appPath) {","      try {","        this.env.options.appPath = require(path.join(process.cwd(), 'bower.json')).appPath;","      } catch (e) {}","    }","    this.env.options.appPath = this.env.options.appPath || 'app';","    this.options.appPath = this.env.options.appPath;","  }","","  this.appPath = this.env.options.appPath;","","  if (typeof this.env.options.coffee === 'undefined') {","    this.option('coffee', {","      desc: 'Generate CoffeeScript instead of JavaScript'","    });","","    // attempt to detect if user is using CS or not","    // if cml arg provided, use that; else look for the existence of cs","    if (!this.options.coffee &&","      this.expandFiles(path.join(this.appPath, '/scripts/**/*.coffee'), {}).length > 0) {","      this.options.coffee = true;","    }","","    this.env.options.coffee = this.options.coffee;","  }","","  this.hookFor('angular-php:common', {","    args: args","  });","","  this.hookFor('angular-php:main', {","    args: args","  });","","  this.hookFor('angular-php:controller', {","    args: args","  });","","  this.on('end', function () {","","    var enabledComponents = [];","","    if (this.animateModule) {","      enabledComponents.push('angular-animate/angular-animate.js');","    }","","    if (this.cookiesModule) {","      enabledComponents.push('angular-cookies/angular-cookies.js');","    }","","    if (this.resourceModule) {","      enabledComponents.push('angular-resource/angular-resource.js');","    }","","    if (this.routeModule) {","      enabledComponents.push('angular-route/angular-route.js');","    }","","    if (this.sanitizeModule) {","      enabledComponents.push('angular-sanitize/angular-sanitize.js');","    }","","    if (this.touchModule) {","      enabledComponents.push('angular-touch/angular-touch.js');","    }","","    enabledComponents = [","      'angular/angular.js',","      'angular-mocks/angular-mocks.js'","    ].concat(enabledComponents).join(',');","","    var jsExt = this.options.coffee ? 'coffee' : 'js';","","    this.invoke('karma:app', {","      options: {","        'skip-install': this.options['skip-install'],","        'base-path': '../',","        'coffee': this.options.coffee,","        'travis': true,","        'bower-components': enabledComponents,","        'app-files': 'app/scripts/**/*.' + jsExt,","        'test-files': [","          'test/mock/**/*.' + jsExt,","          'test/spec/**/*.' + jsExt","        ].join(','),","        'bower-components-path': 'bower_components'","      }","    });","","    this.installDependencies({","      skipInstall: this.options['skip-install'],","      skipMessage: this.options['skip-message'],","      callback: function() {","        this._injectDependencies();","        this._installPhpDependencies();","      }.bind(this)","    });","","    if (this.env.options.ngRoute) {","      this.invoke('angular-php:route', {","        args: ['about']","      });","    }","  });","","  this.pkg = require('../package.json');","  this.sourceRoot(path.join(__dirname, '../templates/common'));","};","","util.inherits(Generator, yeoman.generators.Base);","","Generator.prototype.welcome = function welcome() {","  if (!this.options['skip-welcome-message']) {","    this.log(yosay());","    this.log(","      chalk.magenta(","        'Out of the box I include Bootstrap and some AngularJS recommended modules.' +","        '\\n'","      )","    );","  }","","  if (this.options.minsafe) {","    this.log.error(","      'The --minsafe flag has been removed. For more information, see' +","      '\\nhttps://github.com/yeoman/generator-angular#minification-safe.' +","      '\\n'","    );","  }","};","","Generator.prototype.askForCompass = function askForCompass() {","  var cb = this.async();","","  this.prompt([{","    type: 'confirm',","    name: 'compass',","    message: 'Would you like to use Sass (with Compass)?',","    default: true","  }], function (props) {","    this.compass = props.compass;","","    cb();","  }.bind(this));","};","","Generator.prototype.askForBootstrap = function askForBootstrap() {","  var compass = this.compass;","  var cb = this.async();","","  this.prompt([{","    type: 'confirm',","    name: 'bootstrap',","    message: 'Would you like to include Bootstrap?',","    default: true","  }, {","    type: 'confirm',","    name: 'compassBootstrap',","    message: 'Would you like to use the Sass version of Bootstrap?',","    default: true,","    when: function (props) {","      return props.bootstrap && compass;","    }","  }], function (props) {","    this.bootstrap = props.bootstrap;","    this.compassBootstrap = props.compassBootstrap;","","    cb();","  }.bind(this));","};","","Generator.prototype.askForModules = function askForModules() {","  var cb = this.async();","","  var prompts = [{","    type: 'checkbox',","    name: 'modules',","    message: 'Which modules would you like to include?',","    choices: [","    {","      value: 'animateModule',","      name: 'angular-animate.js',","      checked: true","    }, {","      value: 'cookiesModule',","      name: 'angular-cookies.js',","      checked: true","    }, {","      value: 'resourceModule',","      name: 'angular-resource.js',","      checked: true","    }, {","      value: 'routeModule',","      name: 'angular-route.js',","      checked: true","    }, {","      value: 'sanitizeModule',","      name: 'angular-sanitize.js',","      checked: true","    }, {","      value: 'touchModule',","      name: 'angular-touch.js',","      checked: true","    }","    ]","  }];","","  this.prompt(prompts, function (props) {","    var hasMod = function (mod) { return props.modules.indexOf(mod) !== -1; };","    this.animateModule = hasMod('animateModule');","    this.cookiesModule = hasMod('cookiesModule');","    this.resourceModule = hasMod('resourceModule');","    this.routeModule = hasMod('routeModule');","    this.sanitizeModule = hasMod('sanitizeModule');","    this.touchModule = hasMod('touchModule');","","    var angMods = [];","","    if (this.animateModule) {","      angMods.push(\"'ngAnimate'\");","    }","","    if (this.cookiesModule) {","      angMods.push(\"'ngCookies'\");","    }","","    if (this.resourceModule) {","      angMods.push(\"'ngResource'\");","    }","","    if (this.routeModule) {","      angMods.push(\"'ngRoute'\");","      this.env.options.ngRoute = true;","    }","","    if (this.sanitizeModule) {","      angMods.push(\"'ngSanitize'\");","    }","","    if (this.touchModule) {","      angMods.push(\"'ngTouch'\");","    }","","    if (angMods.length) {","      this.env.options.angularDeps = '\\n    ' + angMods.join(',\\n    ') + '\\n  ';","    }","","    cb();","  }.bind(this));","};","","Generator.prototype.readIndex = function readIndex() {","  this.ngRoute = this.env.options.ngRoute;","  this.indexFile = this.engine(this.read('app/index.html'), this);","};","","Generator.prototype.bootstrapFiles = function bootstrapFiles() {","  var cssFile = 'styles/main.' + (this.compass ? 's' : '') + 'css';","  this.copy(","    path.join('app', cssFile),","    path.join(this.appPath, cssFile)","  );","};","","Generator.prototype.appJs = function appJs() {","  this.indexFile = this.appendFiles({","    html: this.indexFile,","    fileType: 'js',","    optimizedPath: 'scripts/scripts.js',","    sourceFileList: ['scripts/app.js', 'scripts/controllers/main.js'],","    searchPath: ['.tmp', this.appPath]","  });","};","","Generator.prototype.createIndexHtml = function createIndexHtml() {","  this.indexFile = this.indexFile.replace(/&apos;/g, \"'\");","  this.write(path.join(this.appPath, 'index.html'), this.indexFile);","};","","Generator.prototype.packageFiles = function packageFiles() {","  this.coffee = this.env.options.coffee;","  this.template('root/_bower.json', 'bower.json');","  this.template('root/_bowerrc', '.bowerrc');","  this.template('root/_package.json', 'package.json');","  this.template('root/_Gruntfile.js', 'Gruntfile.js');","};","","Generator.prototype._injectDependencies = function _injectDependencies() {","  if (this.options['skip-install']) {","    this.log(","      'After running `npm install & bower install`, inject your front end dependencies' +","      '\\ninto your source code by running:' +","      '\\n' +","      '\\n' + chalk.yellow.bold('grunt wiredep')","    );","  } else {","    wiredep({","      directory: 'bower_components',","      bowerJson: JSON.parse(fs.readFileSync('./bower.json')),","      ignorePath: new RegExp('^(' + this.appPath + '|..)/'),","      src: 'app/index.html',","      fileTypes: {","        html: {","          replace: {","            css: '<link rel=\"stylesheet\" href=\"{{filePath}}\">'","          }","        }","      }","    });","  }","};","","Generator.prototype.phpFiles = function () {","  this.sourceRoot(path.join(__dirname, 'templates'));","  this.template('api/composer.json', 'app/api/composer.json');","  this.template('api/phpunit.xml', 'app/api/phpunit.xml');","  this.copy('api/index.php', 'app/api/index.php');","  this.copy('api/Makefile', 'app/api/Makefile');","  this.copy('api/_gitignore', 'app/api/.gitignore');","  this.copy('api/.htaccess', 'app/api/.htaccess');","  this.directory('api/config', 'app/api/config');","  this.directory('api/src', 'app/api/src');","  this.directory('api/tests', 'app/api/tests');","};","","Generator.prototype._installPhpDependencies = function _installPhpDependencies() {","  console.log(","    'Now running `make install --directory app/api`' +","    ' to install the required Composer dependencies.' +","    ' If this fails, try running the command yourself.'","  );","  this.spawnCommand('make', ['install', '--directory', 'app/api']);","};",""],"l":{"2":1,"3":1,"4":1,"5":1,"6":1,"7":1,"8":1,"9":1,"11":1,"12":0,"13":0,"14":0,"15":0,"17":0,"22":0,"23":0,"25":0,"27":0,"28":0,"32":0,"34":0,"35":0,"36":0,"39":0,"40":0,"43":0,"45":0,"46":0,"52":0,"54":0,"57":0,"60":0,"64":0,"68":0,"72":0,"74":0,"76":0,"77":0,"80":0,"81":0,"84":0,"85":0,"88":0,"89":0,"92":0,"93":0,"96":0,"97":0,"100":0,"105":0,"107":0,"123":0,"127":0,"128":0,"132":0,"133":0,"139":0,"140":0,"143":1,"145":1,"146":0,"147":0,"148":0,"156":0,"157":0,"165":1,"166":0,"168":0,"174":0,"176":0,"180":1,"181":0,"182":0,"184":0,"195":0,"198":0,"199":0,"201":0,"205":1,"206":0,"208":0,"241":0,"242":0,"243":0,"244":0,"245":0,"246":0,"247":0,"248":0,"250":0,"252":0,"253":0,"256":0,"257":0,"260":0,"261":0,"264":0,"265":0,"266":0,"269":0,"270":0,"273":0,"274":0,"277":0,"278":0,"281":0,"285":1,"286":0,"287":0,"290":1,"291":0,"292":0,"298":1,"299":0,"308":1,"309":0,"310":0,"313":1,"314":0,"315":0,"316":0,"317":0,"318":0,"321":1,"322":0,"323":0,"330":0,"346":1,"347":0,"348":0,"349":0,"350":0,"351":0,"352":0,"353":0,"354":0,"355":0,"356":0,"359":1,"360":0,"365":0}},"/home/travis/build/npmtest/node-npmtest-generator-angular-php/node_modules/generator-angular-php/util.js":{"path":"/home/travis/build/npmtest/node-npmtest-generator-angular-php/node_modules/generator-angular-php/util.js","s":{"1":1,"2":1,"3":1,"4":0,"5":1,"6":0,"7":0,"8":0,"9":0,"10":0,"11":0,"12":0,"13":0,"14":0,"15":0,"16":0,"17":0,"18":0,"19":0,"20":0,"21":0,"22":0,"23":0,"24":1,"25":0,"26":0,"27":0,"28":0,"29":0,"30":1,"31":0,"32":0,"33":0,"34":0,"35":0,"36":0,"37":0,"38":1},"b":{"1":[0,0],"2":[0,0],"3":[0,0],"4":[0,0],"5":[0,0],"6":[0,0,0],"7":[0,0]},"f":{"1":0,"2":0,"3":0,"4":0,"5":0,"6":0,"7":0,"8":0},"fnMap":{"1":{"name":"escapeRegExp","line":5,"loc":{"start":{"line":5,"column":0},"end":{"line":5,"column":28}}},"2":{"name":"rewrite","line":9,"loc":{"start":{"line":9,"column":0},"end":{"line":9,"column":24}}},"3":{"name":"(anonymous_3)","line":12,"loc":{"start":{"line":12,"column":41},"end":{"line":12,"column":57}}},"4":{"name":"(anonymous_4)","line":23,"loc":{"start":{"line":23,"column":16},"end":{"line":23,"column":35}}},"5":{"name":"(anonymous_5)","line":39,"loc":{"start":{"line":39,"column":57},"end":{"line":39,"column":73}}},"6":{"name":"rewriteFile","line":46,"loc":{"start":{"line":46,"column":0},"end":{"line":46,"column":28}}},"7":{"name":"appName","line":56,"loc":{"start":{"line":56,"column":0},"end":{"line":56,"column":24}}},"8":{"name":"(anonymous_8)","line":59,"loc":{"start":{"line":59,"column":23},"end":{"line":59,"column":37}}}},"statementMap":{"1":{"start":{"line":2,"column":0},"end":{"line":2,"column":27}},"2":{"start":{"line":3,"column":0},"end":{"line":3,"column":23}},"3":{"start":{"line":5,"column":0},"end":{"line":7,"column":1}},"4":{"start":{"line":6,"column":2},"end":{"line":6,"column":68}},"5":{"start":{"line":9,"column":0},"end":{"line":44,"column":1}},"6":{"start":{"line":12,"column":2},"end":{"line":14,"column":17}},"7":{"start":{"line":13,"column":4},"end":{"line":13,"column":38}},"8":{"start":{"line":16,"column":2},"end":{"line":18,"column":3}},"9":{"start":{"line":17,"column":4},"end":{"line":17,"column":25}},"10":{"start":{"line":20,"column":2},"end":{"line":20,"column":40}},"11":{"start":{"line":22,"column":2},"end":{"line":22,"column":29}},"12":{"start":{"line":23,"column":2},"end":{"line":27,"column":5}},"13":{"start":{"line":24,"column":4},"end":{"line":26,"column":5}},"14":{"start":{"line":25,"column":6},"end":{"line":25,"column":29}},"15":{"start":{"line":29,"column":2},"end":{"line":29,"column":17}},"16":{"start":{"line":30,"column":2},"end":{"line":32,"column":3}},"17":{"start":{"line":31,"column":4},"end":{"line":31,"column":16}},"18":{"start":{"line":34,"column":2},"end":{"line":34,"column":20}},"19":{"start":{"line":35,"column":2},"end":{"line":37,"column":3}},"20":{"start":{"line":36,"column":4},"end":{"line":36,"column":20}},"21":{"start":{"line":39,"column":2},"end":{"line":41,"column":17}},"22":{"start":{"line":40,"column":4},"end":{"line":40,"column":27}},"23":{"start":{"line":43,"column":2},"end":{"line":43,"column":26}},"24":{"start":{"line":46,"column":0},"end":{"line":54,"column":1}},"25":{"start":{"line":47,"column":2},"end":{"line":47,"column":41}},"26":{"start":{"line":48,"column":2},"end":{"line":48,"column":49}},"27":{"start":{"line":50,"column":2},"end":{"line":50,"column":52}},"28":{"start":{"line":51,"column":2},"end":{"line":51,"column":27}},"29":{"start":{"line":53,"column":2},"end":{"line":53,"column":35}},"30":{"start":{"line":56,"column":0},"end":{"line":68,"column":1}},"31":{"start":{"line":57,"column":2},"end":{"line":57,"column":55}},"32":{"start":{"line":59,"column":2},"end":{"line":63,"column":5}},"33":{"start":{"line":60,"column":4},"end":{"line":62,"column":5}},"34":{"start":{"line":61,"column":6},"end":{"line":61,"column":16}},"35":{"start":{"line":64,"column":2},"end":{"line":66,"column":3}},"36":{"start":{"line":65,"column":4},"end":{"line":65,"column":19}},"37":{"start":{"line":67,"column":2},"end":{"line":67,"column":47}},"38":{"start":{"line":71,"column":0},"end":{"line":75,"column":2}}},"branchMap":{"1":{"line":16,"type":"if","locations":[{"start":{"line":16,"column":2},"end":{"line":16,"column":2}},{"start":{"line":16,"column":2},"end":{"line":16,"column":2}}]},"2":{"line":24,"type":"if","locations":[{"start":{"line":24,"column":4},"end":{"line":24,"column":4}},{"start":{"line":24,"column":4},"end":{"line":24,"column":4}}]},"3":{"line":47,"type":"binary-expr","locations":[{"start":{"line":47,"column":14},"end":{"line":47,"column":23}},{"start":{"line":47,"column":27},"end":{"line":47,"column":40}}]},"4":{"line":60,"type":"if","locations":[{"start":{"line":60,"column":4},"end":{"line":60,"column":4}},{"start":{"line":60,"column":4},"end":{"line":60,"column":4}}]},"5":{"line":64,"type":"if","locations":[{"start":{"line":64,"column":2},"end":{"line":64,"column":2}},{"start":{"line":64,"column":2},"end":{"line":64,"column":2}}]},"6":{"line":64,"type":"binary-expr","locations":[{"start":{"line":64,"column":6},"end":{"line":64,"column":19}},{"start":{"line":64,"column":24},"end":{"line":64,"column":51}},{"start":{"line":64,"column":55},"end":{"line":64,"column":61}}]},"7":{"line":67,"type":"cond-expr","locations":[{"start":{"line":67,"column":18},"end":{"line":67,"column":41}},{"start":{"line":67,"column":44},"end":{"line":67,"column":46}}]}},"code":["'use strict';","var path = require('path');","var fs = require('fs');","","function escapeRegExp (str) {","  return str.replace(/[\\-\\[\\]\\/\\{\\}\\(\\)\\*\\+\\?\\.\\\\\\^\\$\\|]/g, '\\\\$&');","}","","function rewrite (args) {","  /* jshint -W044 */","  // check if splicable is already in the body text","  var re = new RegExp(args.splicable.map(function (line) {","    return '\\s*' + escapeRegExp(line);","  }).join('\\n'));","","  if (re.test(args.haystack)) {","    return args.haystack;","  }","","  var lines = args.haystack.split('\\n');","","  var otherwiseLineIndex = 0;","  lines.forEach(function (line, i) {","    if (line.indexOf(args.needle) !== -1) {","      otherwiseLineIndex = i;","    }","  });","","  var spaces = 0;","  while (lines[otherwiseLineIndex].charAt(spaces) === ' ') {","    spaces += 1;","  }","","  var spaceStr = '';","  while ((spaces -= 1) >= 0) {","    spaceStr += ' ';","  }","","  lines.splice(otherwiseLineIndex, 0, args.splicable.map(function (line) {","    return spaceStr + line;","  }).join('\\n'));","","  return lines.join('\\n');","}","","function rewriteFile (args) {","  args.path = args.path || process.cwd();","  var fullPath = path.join(args.path, args.file);","","  args.haystack = fs.readFileSync(fullPath, 'utf8');","  var body = rewrite(args);","","  fs.writeFileSync(fullPath, body);","}","","function appName (self) {","  var counter = 0, suffix = self.options['app-suffix'];","  // Have to check this because of generator bug #386","  process.argv.forEach(function(val) {","    if (val.indexOf('--app-suffix') > -1) {","      counter++;","    }","  });","  if (counter === 0 || (typeof suffix === 'boolean' && suffix)) {","    suffix = 'App';","  }","  return suffix ? self._.classify(suffix) : '';","}","","","module.exports = {","  rewrite: rewrite,","  rewriteFile: rewriteFile,","  appName: appName","};",""],"l":{"2":1,"3":1,"5":1,"6":0,"9":1,"12":0,"13":0,"16":0,"17":0,"20":0,"22":0,"23":0,"24":0,"25":0,"29":0,"30":0,"31":0,"34":0,"35":0,"36":0,"39":0,"40":0,"43":0,"46":1,"47":0,"48":0,"50":0,"51":0,"53":0,"56":1,"57":0,"59":0,"60":0,"61":0,"64":0,"65":0,"67":0,"71":1}},"/home/travis/build/npmtest/node-npmtest-generator-angular-php/node_modules/generator-angular-php/script-base.js":{"path":"/home/travis/build/npmtest/node-npmtest-generator-angular-php/node_modules/generator-angular-php/script-base.js","s":{"1":1,"2":1,"3":1,"4":1,"5":1,"6":1,"7":0,"8":0,"9":0,"10":0,"11":0,"12":0,"13":0,"14":0,"15":0,"16":0,"17":0,"18":0,"19":0,"20":0,"21":0,"22":0,"23":0,"24":0,"25":0,"26":0,"27":0,"28":0,"29":0,"30":0,"31":0,"32":0,"33":0,"34":0,"35":0,"36":0,"37":0,"38":1,"39":1,"40":0,"41":1,"42":0,"43":1,"44":0,"45":1,"46":0,"47":0,"48":0,"49":0,"50":0,"51":1,"52":0,"53":0,"54":0,"55":0,"56":0,"57":0},"b":{"1":[0,0],"2":[0,0],"3":[0,0],"4":[0,0],"5":[0,0],"6":[0,0],"7":[0,0],"8":[0,0],"9":[0,0],"10":[0,0],"11":[0,0]},"f":{"1":0,"2":0,"3":0,"4":0,"5":0,"6":0},"fnMap":{"1":{"name":"Generator","line":8,"loc":{"start":{"line":8,"column":33},"end":{"line":8,"column":54}}},"2":{"name":"(anonymous_2)","line":68,"loc":{"start":{"line":68,"column":34},"end":{"line":68,"column":55}}},"3":{"name":"(anonymous_3)","line":75,"loc":{"start":{"line":75,"column":35},"end":{"line":75,"column":56}}},"4":{"name":"(anonymous_4)","line":82,"loc":{"start":{"line":82,"column":35},"end":{"line":82,"column":56}}},"5":{"name":"(anonymous_5)","line":89,"loc":{"start":{"line":89,"column":39},"end":{"line":89,"column":57}}},"6":{"name":"(anonymous_6)","line":107,"loc":{"start":{"line":107,"column":44},"end":{"line":107,"column":107}}}},"statementMap":{"1":{"start":{"line":2,"column":0},"end":{"line":2,"column":27}},"2":{"start":{"line":3,"column":0},"end":{"line":3,"column":27}},"3":{"start":{"line":4,"column":0},"end":{"line":4,"column":41}},"4":{"start":{"line":5,"column":0},"end":{"line":5,"column":40}},"5":{"start":{"line":6,"column":0},"end":{"line":6,"column":29}},"6":{"start":{"line":8,"column":0},"end":{"line":64,"column":2}},"7":{"start":{"line":9,"column":2},"end":{"line":9,"column":53}},"8":{"start":{"line":11,"column":2},"end":{"line":15,"column":3}},"9":{"start":{"line":12,"column":4},"end":{"line":12,"column":72}},"10":{"start":{"line":14,"column":4},"end":{"line":14,"column":48}},"11":{"start":{"line":16,"column":2},"end":{"line":16,"column":63}},"12":{"start":{"line":17,"column":2},"end":{"line":17,"column":82}},"13":{"start":{"line":19,"column":2},"end":{"line":19,"column":48}},"14":{"start":{"line":20,"column":2},"end":{"line":20,"column":48}},"15":{"start":{"line":22,"column":2},"end":{"line":32,"column":3}},"16":{"start":{"line":23,"column":4},"end":{"line":23,"column":52}},"17":{"start":{"line":25,"column":4},"end":{"line":29,"column":5}},"18":{"start":{"line":26,"column":6},"end":{"line":28,"column":20}},"19":{"start":{"line":27,"column":8},"end":{"line":27,"column":91}},"20":{"start":{"line":30,"column":4},"end":{"line":30,"column":65}},"21":{"start":{"line":31,"column":4},"end":{"line":31,"column":52}},"22":{"start":{"line":34,"column":2},"end":{"line":39,"column":3}},"23":{"start":{"line":35,"column":4},"end":{"line":37,"column":18}},"24":{"start":{"line":36,"column":6},"end":{"line":36,"column":91}},"25":{"start":{"line":38,"column":4},"end":{"line":38,"column":73}},"26":{"start":{"line":41,"column":2},"end":{"line":41,"column":48}},"27":{"start":{"line":42,"column":2},"end":{"line":53,"column":3}},"28":{"start":{"line":43,"column":4},"end":{"line":43,"column":26}},"29":{"start":{"line":47,"column":4},"end":{"line":50,"column":5}},"30":{"start":{"line":49,"column":6},"end":{"line":49,"column":33}},"31":{"start":{"line":52,"column":4},"end":{"line":52,"column":50}},"32":{"start":{"line":55,"column":2},"end":{"line":55,"column":43}},"33":{"start":{"line":56,"column":2},"end":{"line":56,"column":28}},"34":{"start":{"line":58,"column":2},"end":{"line":61,"column":3}},"35":{"start":{"line":59,"column":4},"end":{"line":59,"column":43}},"36":{"start":{"line":60,"column":4},"end":{"line":60,"column":34}},"37":{"start":{"line":63,"column":2},"end":{"line":63,"column":52}},"38":{"start":{"line":66,"column":0},"end":{"line":66,"column":54}},"39":{"start":{"line":68,"column":0},"end":{"line":73,"column":2}},"40":{"start":{"line":69,"column":2},"end":{"line":72,"column":5}},"41":{"start":{"line":75,"column":0},"end":{"line":80,"column":2}},"42":{"start":{"line":76,"column":2},"end":{"line":79,"column":5}},"43":{"start":{"line":82,"column":0},"end":{"line":87,"column":2}},"44":{"start":{"line":83,"column":2},"end":{"line":86,"column":5}},"45":{"start":{"line":89,"column":0},"end":{"line":105,"column":2}},"46":{"start":{"line":90,"column":2},"end":{"line":104,"column":3}},"47":{"start":{"line":91,"column":4},"end":{"line":91,"column":43}},"48":{"start":{"line":92,"column":4},"end":{"line":92,"column":52}},"49":{"start":{"line":93,"column":4},"end":{"line":99,"column":7}},"50":{"start":{"line":101,"column":4},"end":{"line":103,"column":7}},"51":{"start":{"line":107,"column":0},"end":{"line":118,"column":2}},"52":{"start":{"line":109,"column":2},"end":{"line":111,"column":3}},"53":{"start":{"line":110,"column":4},"end":{"line":110,"column":40}},"54":{"start":{"line":113,"column":2},"end":{"line":113,"column":82}},"55":{"start":{"line":114,"column":2},"end":{"line":114,"column":73}},"56":{"start":{"line":115,"column":2},"end":{"line":117,"column":3}},"57":{"start":{"line":116,"column":4},"end":{"line":116,"column":65}}},"branchMap":{"1":{"line":22,"type":"if","locations":[{"start":{"line":22,"column":2},"end":{"line":22,"column":2}},{"start":{"line":22,"column":2},"end":{"line":22,"column":2}}]},"2":{"line":25,"type":"if","locations":[{"start":{"line":25,"column":4},"end":{"line":25,"column":4}},{"start":{"line":25,"column":4},"end":{"line":25,"column":4}}]},"3":{"line":30,"type":"binary-expr","locations":[{"start":{"line":30,"column":31},"end":{"line":30,"column":55}},{"start":{"line":30,"column":59},"end":{"line":30,"column":64}}]},"4":{"line":34,"type":"if","locations":[{"start":{"line":34,"column":2},"end":{"line":34,"column":2}},{"start":{"line":34,"column":2},"end":{"line":34,"column":2}}]},"5":{"line":38,"type":"binary-expr","locations":[{"start":{"line":38,"column":32},"end":{"line":38,"column":57}},{"start":{"line":38,"column":61},"end":{"line":38,"column":72}}]},"6":{"line":42,"type":"if","locations":[{"start":{"line":42,"column":2},"end":{"line":42,"column":2}},{"start":{"line":42,"column":2},"end":{"line":42,"column":2}}]},"7":{"line":47,"type":"if","locations":[{"start":{"line":47,"column":4},"end":{"line":47,"column":4}},{"start":{"line":47,"column":4},"end":{"line":47,"column":4}}]},"8":{"line":47,"type":"binary-expr","locations":[{"start":{"line":47,"column":8},"end":{"line":47,"column":28}},{"start":{"line":48,"column":6},"end":{"line":48,"column":98}}]},"9":{"line":58,"type":"if","locations":[{"start":{"line":58,"column":2},"end":{"line":58,"column":2}},{"start":{"line":58,"column":2},"end":{"line":58,"column":2}}]},"10":{"line":109,"type":"if","locations":[{"start":{"line":109,"column":2},"end":{"line":109,"column":2}},{"start":{"line":109,"column":2},"end":{"line":109,"column":2}}]},"11":{"line":115,"type":"if","locations":[{"start":{"line":115,"column":2},"end":{"line":115,"column":2}},{"start":{"line":115,"column":2},"end":{"line":115,"column":2}}]}},"code":["'use strict';","var util = require('util');","var path = require('path');","var yeoman = require('yeoman-generator');","var angularUtils = require('./util.js');","var chalk = require('chalk');","","var Generator = module.exports = function Generator() {","  yeoman.generators.NamedBase.apply(this, arguments);","","  try {","    this.appname = require(path.join(process.cwd(), 'bower.json')).name;","  } catch (e) {","    this.appname = path.basename(process.cwd());","  }","  this.appname = this._.slugify(this._.humanize(this.appname));","  this.scriptAppName = this._.camelize(this.appname) + angularUtils.appName(this);","","  this.cameledName = this._.camelize(this.name);","  this.classedName = this._.classify(this.name);","","  if (typeof this.env.options.appPath === 'undefined') {","    this.env.options.appPath = this.options.appPath;","","    if (!this.env.options.appPath) {","      try {","        this.env.options.appPath = require(path.join(process.cwd(), 'bower.json')).appPath;","      } catch (e) {}","    }","    this.env.options.appPath = this.env.options.appPath || 'app';","    this.options.appPath = this.env.options.appPath;","  }","","  if (typeof this.env.options.testPath === 'undefined') {","    try {","      this.env.options.testPath = require(path.join(process.cwd(), 'bower.json')).testPath;","    } catch (e) {}","    this.env.options.testPath = this.env.options.testPath || 'test/spec';","  }","","  this.env.options.coffee = this.options.coffee;","  if (typeof this.env.options.coffee === 'undefined') {","    this.option('coffee');","","    // attempt to detect if user is using CS or not","    // if cml arg provided, use that; else look for the existence of cs","    if (!this.options.coffee &&","      this.expandFiles(path.join(this.env.options.appPath, '/scripts/**/*.coffee'), {}).length > 0) {","      this.options.coffee = true;","    }","","    this.env.options.coffee = this.options.coffee;","  }","","  var sourceRoot = '/templates/javascript';","  this.scriptSuffix = '.js';","","  if (this.env.options.coffee) {","    sourceRoot = '/templates/coffeescript';","    this.scriptSuffix = '.coffee';","  }","","  this.sourceRoot(path.join(__dirname, sourceRoot));","};","","util.inherits(Generator, yeoman.generators.NamedBase);","","Generator.prototype.appTemplate = function (src, dest) {","  yeoman.generators.Base.prototype.template.apply(this, [","    src + this.scriptSuffix,","    path.join(this.env.options.appPath, dest.toLowerCase()) + this.scriptSuffix","  ]);","};","","Generator.prototype.testTemplate = function (src, dest) {","  yeoman.generators.Base.prototype.template.apply(this, [","    src + this.scriptSuffix,","    path.join(this.env.options.testPath, dest.toLowerCase()) + this.scriptSuffix","  ]);","};","","Generator.prototype.htmlTemplate = function (src, dest) {","  yeoman.generators.Base.prototype.template.apply(this, [","    src,","    path.join(this.env.options.appPath, dest.toLowerCase())","  ]);","};","","Generator.prototype.addScriptToIndex = function (script) {","  try {","    var appPath = this.env.options.appPath;","    var fullPath = path.join(appPath, 'index.html');","    angularUtils.rewriteFile({","      file: fullPath,","      needle: '<!-- endbuild -->',","      splicable: [","        '<script src=\"scripts/' + script.toLowerCase().replace(/\\\\/g, '/') + '.js\"></script>'","      ]","    });","  } catch (e) {","    this.log.error(chalk.yellow(","      '\\nUnable to find ' + fullPath + '. Reference to ' + script + '.js ' + 'not added.\\n'","    ));","  }","};","","Generator.prototype.generateSourceAndTest = function (appTemplate, testTemplate, targetDirectory, skipAdd) {","  // Services use classified names","  if (this.generatorName.toLowerCase() === 'service') {","    this.cameledName = this.classedName;","  }","","  this.appTemplate(appTemplate, path.join('scripts', targetDirectory, this.name));","  this.testTemplate(testTemplate, path.join(targetDirectory, this.name));","  if (!skipAdd) {","    this.addScriptToIndex(path.join(targetDirectory, this.name));","  }","};",""],"l":{"2":1,"3":1,"4":1,"5":1,"6":1,"8":1,"9":0,"11":0,"12":0,"14":0,"16":0,"17":0,"19":0,"20":0,"22":0,"23":0,"25":0,"26":0,"27":0,"30":0,"31":0,"34":0,"35":0,"36":0,"38":0,"41":0,"42":0,"43":0,"47":0,"49":0,"52":0,"55":0,"56":0,"58":0,"59":0,"60":0,"63":0,"66":1,"68":1,"69":0,"75":1,"76":0,"82":1,"83":0,"89":1,"90":0,"91":0,"92":0,"93":0,"101":0,"107":1,"109":0,"110":0,"113":0,"114":0,"115":0,"116":0}}}